[2021-03-04 09:13:36.641] [restartedMain] DEBUG org.apache.ibatis.logging.LogFactory| Logging initialized using 'class org.apache.ibatis.logging.slf4j.Slf4jImpl' adapter.
[2021-03-04 09:13:36.662] [restartedMain] DEBUG org.mybatis.spring.mapper.ClassPathMapperScanner| Ignored because not a concrete top-level class: file [C:\devpro\workspace\group4\bin\main\com\ktds\devpro\ServletInitializer.class]
[2021-03-04 09:13:36.662] [restartedMain] DEBUG org.mybatis.spring.mapper.ClassPathMapperScanner| Ignored because not a concrete top-level class: file [C:\devpro\workspace\group4\bin\main\com\ktds\devpro\WebMvcStarterApplication.class]
[2021-03-04 09:13:36.663] [restartedMain] DEBUG org.mybatis.spring.mapper.ClassPathMapperScanner| Ignored because not a concrete top-level class: file [C:\devpro\workspace\group4\bin\main\com\ktds\devpro\admin\controller\AdminController.class]
[2021-03-04 09:13:36.663] [restartedMain] DEBUG org.mybatis.spring.mapper.ClassPathMapperScanner| Ignored because not a concrete top-level class: file [C:\devpro\workspace\group4\bin\main\com\ktds\devpro\admin\controller\HttpSessionUtils.class]
[2021-03-04 09:13:36.664] [restartedMain] DEBUG org.mybatis.spring.mapper.ClassPathMapperScanner| Identified candidate component class: file [C:\devpro\workspace\group4\bin\main\com\ktds\devpro\admin\mapper\AdminMapper.class]
[2021-03-04 09:13:36.664] [restartedMain] DEBUG org.mybatis.spring.mapper.ClassPathMapperScanner| Ignored because not a concrete top-level class: file [C:\devpro\workspace\group4\bin\main\com\ktds\devpro\admin\service\AdminService.class]
[2021-03-04 09:13:36.664] [restartedMain] DEBUG org.mybatis.spring.mapper.ClassPathMapperScanner| Ignored because not a concrete top-level class: file [C:\devpro\workspace\group4\bin\main\com\ktds\devpro\admin\vo\AdminVO.class]
[2021-03-04 09:13:36.665] [restartedMain] DEBUG org.mybatis.spring.mapper.ClassPathMapperScanner| Ignored because not a concrete top-level class: file [C:\devpro\workspace\group4\bin\main\com\ktds\devpro\adminLog\controller\AdminLogController.class]
[2021-03-04 09:13:36.665] [restartedMain] DEBUG org.mybatis.spring.mapper.ClassPathMapperScanner| Identified candidate component class: file [C:\devpro\workspace\group4\bin\main\com\ktds\devpro\adminLog\mapper\AdminLogMapper.class]
[2021-03-04 09:13:36.665] [restartedMain] DEBUG org.mybatis.spring.mapper.ClassPathMapperScanner| Ignored because not a concrete top-level class: file [C:\devpro\workspace\group4\bin\main\com\ktds\devpro\adminLog\service\AdminLogService.class]
[2021-03-04 09:13:36.666] [restartedMain] DEBUG org.mybatis.spring.mapper.ClassPathMapperScanner| Ignored because not a concrete top-level class: file [C:\devpro\workspace\group4\bin\main\com\ktds\devpro\adminLog\vo\ResultLogVO.class]
[2021-03-04 09:13:36.666] [restartedMain] DEBUG org.mybatis.spring.mapper.ClassPathMapperScanner| Ignored because not a concrete top-level class: file [C:\devpro\workspace\group4\bin\main\com\ktds\devpro\adminLog\vo\SearchLogVO.class]
[2021-03-04 09:13:36.666] [restartedMain] DEBUG org.mybatis.spring.mapper.ClassPathMapperScanner| Ignored because not a concrete top-level class: file [C:\devpro\workspace\group4\bin\main\com\ktds\devpro\common\Const.class]
[2021-03-04 09:13:36.666] [restartedMain] DEBUG org.mybatis.spring.mapper.ClassPathMapperScanner| Ignored because not a concrete top-level class: file [C:\devpro\workspace\group4\bin\main\com\ktds\devpro\common\interceptor\WebInterceptor.class]
[2021-03-04 09:13:36.667] [restartedMain] DEBUG org.mybatis.spring.mapper.ClassPathMapperScanner| Identified candidate component class: file [C:\devpro\workspace\group4\bin\main\com\ktds\devpro\common\message\GenericMessage.class]
[2021-03-04 09:13:36.667] [restartedMain] DEBUG org.mybatis.spring.mapper.ClassPathMapperScanner| Identified candidate component class: file [C:\devpro\workspace\group4\bin\main\com\ktds\devpro\common\message\GenericMessageAssessor.class]
[2021-03-04 09:13:36.667] [restartedMain] DEBUG org.mybatis.spring.mapper.ClassPathMapperScanner| Ignored because not a concrete top-level class: file [C:\devpro\workspace\group4\bin\main\com\ktds\devpro\common\message\LocaleAwareMessageService.class]
[2021-03-04 09:13:36.667] [restartedMain] DEBUG org.mybatis.spring.mapper.ClassPathMapperScanner| Ignored because not a concrete top-level class: file [C:\devpro\workspace\group4\bin\main\com\ktds\devpro\common\message\MessageArgumentResolver.class]
[2021-03-04 09:13:36.668] [restartedMain] DEBUG org.mybatis.spring.mapper.ClassPathMapperScanner| Ignored because not a concrete top-level class: file [C:\devpro\workspace\group4\bin\main\com\ktds\devpro\common\message\RestControllerMessageAdvice.class]
[2021-03-04 09:13:36.668] [restartedMain] DEBUG org.mybatis.spring.mapper.ClassPathMapperScanner| Ignored because not a concrete top-level class: file [C:\devpro\workspace\group4\bin\main\com\ktds\devpro\common\message\RestMessage.class]
[2021-03-04 09:13:36.668] [restartedMain] DEBUG org.mybatis.spring.mapper.ClassPathMapperScanner| Ignored because not a concrete top-level class: file [C:\devpro\workspace\group4\bin\main\com\ktds\devpro\common\mvc\PageController.class]
[2021-03-04 09:13:36.668] [restartedMain] DEBUG org.mybatis.spring.mapper.ClassPathMapperScanner| Ignored because not a concrete top-level class: file [C:\devpro\workspace\group4\bin\main\com\ktds\devpro\common\utils\CamelMap.class]
[2021-03-04 09:13:36.670] [restartedMain] DEBUG org.mybatis.spring.mapper.ClassPathMapperScanner| Ignored because not a concrete top-level class: file [C:\devpro\workspace\group4\bin\main\com\ktds\devpro\common\utils\CamelUtil.class]
[2021-03-04 09:13:36.670] [restartedMain] DEBUG org.mybatis.spring.mapper.ClassPathMapperScanner| Ignored because not a concrete top-level class: file [C:\devpro\workspace\group4\bin\main\com\ktds\devpro\config\DataSourceConfiguration.class]
[2021-03-04 09:13:36.670] [restartedMain] DEBUG org.mybatis.spring.mapper.ClassPathMapperScanner| Ignored because not a concrete top-level class: file [C:\devpro\workspace\group4\bin\main\com\ktds\devpro\config\WebMvcConfiguration.class]
[2021-03-04 09:13:36.670] [restartedMain] DEBUG org.mybatis.spring.mapper.ClassPathMapperScanner| Ignored because not a concrete top-level class: file [C:\devpro\workspace\group4\bin\main\com\ktds\devpro\recommend\controller\RecommendController.class]
[2021-03-04 09:13:36.670] [restartedMain] DEBUG org.mybatis.spring.mapper.ClassPathMapperScanner| Identified candidate component class: file [C:\devpro\workspace\group4\bin\main\com\ktds\devpro\recommend\mapper\RecommendMapper.class]
[2021-03-04 09:13:36.670] [restartedMain] DEBUG org.mybatis.spring.mapper.ClassPathMapperScanner| Ignored because not a concrete top-level class: file [C:\devpro\workspace\group4\bin\main\com\ktds\devpro\recommend\service\RecommendService.class]
[2021-03-04 09:13:36.671] [restartedMain] DEBUG org.mybatis.spring.mapper.ClassPathMapperScanner| Ignored because not a concrete top-level class: file [C:\devpro\workspace\group4\bin\main\com\ktds\devpro\recommend\vo\LogVO.class]
[2021-03-04 09:13:36.671] [restartedMain] DEBUG org.mybatis.spring.mapper.ClassPathMapperScanner| Ignored because not a concrete top-level class: file [C:\devpro\workspace\group4\bin\main\com\ktds\devpro\recommend\vo\ResultVO.class]
[2021-03-04 09:13:36.671] [restartedMain] DEBUG org.mybatis.spring.mapper.ClassPathMapperScanner| Ignored because not a concrete top-level class: file [C:\devpro\workspace\group4\bin\main\com\ktds\devpro\recommend\vo\SearchVO.class]
[2021-03-04 09:13:36.672] [restartedMain] DEBUG org.mybatis.spring.mapper.ClassPathMapperScanner| Ignored because not a concrete top-level class: file [C:\devpro\workspace\group4\bin\main\com\ktds\devpro\runner\DBRunner.class]
[2021-03-04 09:13:36.673] [restartedMain] DEBUG org.mybatis.spring.mapper.ClassPathMapperScanner| Creating MapperFactoryBean with name 'adminMapper' and 'com.ktds.devpro.admin.mapper.AdminMapper' mapperInterface
[2021-03-04 09:13:36.673] [restartedMain] DEBUG org.mybatis.spring.mapper.ClassPathMapperScanner| Creating MapperFactoryBean with name 'adminLogMapper' and 'com.ktds.devpro.adminLog.mapper.AdminLogMapper' mapperInterface
[2021-03-04 09:13:36.673] [restartedMain] DEBUG org.mybatis.spring.mapper.ClassPathMapperScanner| Creating MapperFactoryBean with name 'genericMessage' and 'com.ktds.devpro.common.message.GenericMessage' mapperInterface
[2021-03-04 09:13:36.673] [restartedMain] DEBUG org.mybatis.spring.mapper.ClassPathMapperScanner| Creating MapperFactoryBean with name 'genericMessageAssessor' and 'com.ktds.devpro.common.message.GenericMessageAssessor' mapperInterface
[2021-03-04 09:13:36.673] [restartedMain] DEBUG org.mybatis.spring.mapper.ClassPathMapperScanner| Creating MapperFactoryBean with name 'recommendMapper' and 'com.ktds.devpro.recommend.mapper.RecommendMapper' mapperInterface
[2021-03-04 09:13:37.277] [restartedMain] INFO  org.apache.coyote.http11.Http11NioProtocol| Initializing ProtocolHandler ["http-nio-8888"]
[2021-03-04 09:13:37.278] [restartedMain] INFO  org.apache.catalina.core.StandardService| Starting service [Tomcat]
[2021-03-04 09:13:37.278] [restartedMain] INFO  org.apache.catalina.core.StandardEngine| Starting Servlet engine: [Apache Tomcat/9.0.27]
[2021-03-04 09:13:37.553] [restartedMain] INFO  org.apache.jasper.servlet.TldScanner| At least one JAR was scanned for TLDs yet contained no TLDs. Enable debug logging for this logger for a complete list of JARs that were scanned but no TLDs were found in them. Skipping unneeded JARs during scanning can improve startup time and JSP compilation time.
[2021-03-04 09:13:37.559] [restartedMain] INFO  org.apache.catalina.core.ContainerBase.[Tomcat].[localhost].[/]| Initializing Spring embedded WebApplicationContext
[2021-03-04 09:13:37.602] [restartedMain] DEBUG io.micrometer.core.util.internal.logging.InternalLoggerFactory| Using SLF4J as the default logging framework
[2021-03-04 09:13:37.669] [restartedMain] DEBUG com.zaxxer.hikari.HikariConfig| Driver class com.mysql.cj.jdbc.Driver found in Thread context class loader TomcatEmbeddedWebappClassLoader
  context: ROOT
  delegate: true
----------> Parent Classloader:
org.springframework.boot.devtools.restart.classloader.RestartClassLoader@35a0d5

[2021-03-04 09:13:37.696] [restartedMain] DEBUG com.zaxxer.hikari.HikariConfig| HikariPool-1 - configuration:
[2021-03-04 09:13:37.698] [restartedMain] DEBUG com.zaxxer.hikari.HikariConfig| allowPoolSuspension.............false
[2021-03-04 09:13:37.698] [restartedMain] DEBUG com.zaxxer.hikari.HikariConfig| autoCommit......................true
[2021-03-04 09:13:37.698] [restartedMain] DEBUG com.zaxxer.hikari.HikariConfig| catalog.........................none
[2021-03-04 09:13:37.698] [restartedMain] DEBUG com.zaxxer.hikari.HikariConfig| connectionInitSql...............none
[2021-03-04 09:13:37.698] [restartedMain] DEBUG com.zaxxer.hikari.HikariConfig| connectionTestQuery.............none
[2021-03-04 09:13:37.698] [restartedMain] DEBUG com.zaxxer.hikari.HikariConfig| connectionTimeout...............30000
[2021-03-04 09:13:37.699] [restartedMain] DEBUG com.zaxxer.hikari.HikariConfig| dataSource......................none
[2021-03-04 09:13:37.699] [restartedMain] DEBUG com.zaxxer.hikari.HikariConfig| dataSourceClassName.............none
[2021-03-04 09:13:37.699] [restartedMain] DEBUG com.zaxxer.hikari.HikariConfig| dataSourceJNDI..................none
[2021-03-04 09:13:37.699] [restartedMain] DEBUG com.zaxxer.hikari.HikariConfig| dataSourceProperties............{password=<masked>}
[2021-03-04 09:13:37.700] [restartedMain] DEBUG com.zaxxer.hikari.HikariConfig| driverClassName................."com.mysql.cj.jdbc.Driver"
[2021-03-04 09:13:37.700] [restartedMain] DEBUG com.zaxxer.hikari.HikariConfig| healthCheckProperties...........{}
[2021-03-04 09:13:37.700] [restartedMain] DEBUG com.zaxxer.hikari.HikariConfig| healthCheckRegistry.............none
[2021-03-04 09:13:37.700] [restartedMain] DEBUG com.zaxxer.hikari.HikariConfig| idleTimeout.....................600000
[2021-03-04 09:13:37.700] [restartedMain] DEBUG com.zaxxer.hikari.HikariConfig| initializationFailTimeout.......1
[2021-03-04 09:13:37.700] [restartedMain] DEBUG com.zaxxer.hikari.HikariConfig| isolateInternalQueries..........false
[2021-03-04 09:13:37.701] [restartedMain] DEBUG com.zaxxer.hikari.HikariConfig| jdbcUrl.........................jdbc:mysql://14.63.214.22:3306/group4?autoReconnect=true&useSSL=false&serverTimezone=UTC
[2021-03-04 09:13:37.701] [restartedMain] DEBUG com.zaxxer.hikari.HikariConfig| leakDetectionThreshold..........0
[2021-03-04 09:13:37.701] [restartedMain] DEBUG com.zaxxer.hikari.HikariConfig| maxLifetime.....................1800000
[2021-03-04 09:13:37.701] [restartedMain] DEBUG com.zaxxer.hikari.HikariConfig| maximumPoolSize.................10
[2021-03-04 09:13:37.701] [restartedMain] DEBUG com.zaxxer.hikari.HikariConfig| metricRegistry..................none
[2021-03-04 09:13:37.702] [restartedMain] DEBUG com.zaxxer.hikari.HikariConfig| metricsTrackerFactory...........none
[2021-03-04 09:13:37.702] [restartedMain] DEBUG com.zaxxer.hikari.HikariConfig| minimumIdle.....................10
[2021-03-04 09:13:37.702] [restartedMain] DEBUG com.zaxxer.hikari.HikariConfig| password........................<masked>
[2021-03-04 09:13:37.702] [restartedMain] DEBUG com.zaxxer.hikari.HikariConfig| poolName........................"HikariPool-1"
[2021-03-04 09:13:37.702] [restartedMain] DEBUG com.zaxxer.hikari.HikariConfig| readOnly........................false
[2021-03-04 09:13:37.702] [restartedMain] DEBUG com.zaxxer.hikari.HikariConfig| registerMbeans..................false
[2021-03-04 09:13:37.703] [restartedMain] DEBUG com.zaxxer.hikari.HikariConfig| scheduledExecutor...............none
[2021-03-04 09:13:37.703] [restartedMain] DEBUG com.zaxxer.hikari.HikariConfig| schema..........................none
[2021-03-04 09:13:37.703] [restartedMain] DEBUG com.zaxxer.hikari.HikariConfig| threadFactory...................internal
[2021-03-04 09:13:37.703] [restartedMain] DEBUG com.zaxxer.hikari.HikariConfig| transactionIsolation............default
[2021-03-04 09:13:37.703] [restartedMain] DEBUG com.zaxxer.hikari.HikariConfig| username........................"group4"
[2021-03-04 09:13:37.703] [restartedMain] DEBUG com.zaxxer.hikari.HikariConfig| validationTimeout...............5000
[2021-03-04 09:13:37.703] [restartedMain] INFO  com.zaxxer.hikari.HikariDataSource| HikariPool-1 - Starting...
[2021-03-04 09:13:38.039] [restartedMain] DEBUG com.zaxxer.hikari.pool.HikariPool| HikariPool-1 - Added connection com.mysql.cj.jdbc.ConnectionImpl@6ddb6c76
[2021-03-04 09:13:38.041] [restartedMain] INFO  com.zaxxer.hikari.HikariDataSource| HikariPool-1 - Start completed.
[2021-03-04 09:13:38.143] [HikariPool-1 housekeeper] DEBUG com.zaxxer.hikari.pool.HikariPool| HikariPool-1 - Pool stats (total=1, active=0, idle=1, waiting=0)
[2021-03-04 09:13:38.296] [HikariPool-1 connection adder] DEBUG com.zaxxer.hikari.pool.HikariPool| HikariPool-1 - Added connection com.mysql.cj.jdbc.ConnectionImpl@2babc9c3
[2021-03-04 09:13:38.311] [restartedMain] DEBUG org.hibernate.jpa.internal.util.LogHelper| PersistenceUnitInfo [
	name: default
	persistence provider classname: null
	classloader: org.springframework.boot.devtools.restart.classloader.RestartClassLoader@35a0d5
	excludeUnlistedClasses: true
	JTA datasource: null
	Non JTA datasource: HikariDataSource (HikariPool-1)
	Transaction type: RESOURCE_LOCAL
	PU root URL: file:/C:/devpro/workspace/group4/bin/main/
	Shared Cache Mode: UNSPECIFIED
	Validation Mode: AUTO
	Jar files URLs []
	Managed classes names []
	Mapping files names []
	Properties []
[2021-03-04 09:13:38.320] [restartedMain] DEBUG org.hibernate.integrator.internal.IntegratorServiceImpl| Adding Integrator [org.hibernate.cfg.beanvalidation.BeanValidationIntegrator].
[2021-03-04 09:13:38.322] [restartedMain] DEBUG org.hibernate.integrator.internal.IntegratorServiceImpl| Adding Integrator [org.hibernate.secure.spi.JaccIntegrator].
[2021-03-04 09:13:38.323] [restartedMain] DEBUG org.hibernate.integrator.internal.IntegratorServiceImpl| Adding Integrator [org.hibernate.cache.internal.CollectionCacheInvalidator].
[2021-03-04 09:13:38.381] [restartedMain] INFO  org.hibernate.Version| HHH000412: Hibernate Core {5.4.8.Final}
[2021-03-04 09:13:38.383] [restartedMain] DEBUG org.hibernate.cfg.Environment| HHH000206: hibernate.properties not found
[2021-03-04 09:13:38.403] [HikariPool-1 connection adder] DEBUG com.zaxxer.hikari.pool.HikariPool| HikariPool-1 - Added connection com.mysql.cj.jdbc.ConnectionImpl@6a96c3f8
[2021-03-04 09:13:38.498] [restartedMain] DEBUG org.hibernate.service.spi.ServiceBinding| Overriding existing service binding [org.hibernate.secure.spi.JaccService]
[2021-03-04 09:13:38.511] [restartedMain] DEBUG org.hibernate.cache.internal.RegionFactoryInitiator| Cannot default RegionFactory based on registered strategies as `[]` RegionFactory strategies were registered
[2021-03-04 09:13:38.512] [restartedMain] DEBUG org.hibernate.cache.internal.RegionFactoryInitiator| Cache region factory : org.hibernate.cache.internal.NoCachingRegionFactory
[2021-03-04 09:13:38.522] [restartedMain] INFO  org.hibernate.annotations.common.Version| HCANN000001: Hibernate Commons Annotations {5.1.0.Final}
[2021-03-04 09:13:38.546] [restartedMain] DEBUG org.hibernate.type.BasicTypeRegistry| Adding type registration boolean -> org.hibernate.type.BooleanType@66534fa7
[2021-03-04 09:13:38.546] [restartedMain] DEBUG org.hibernate.type.BasicTypeRegistry| Adding type registration boolean -> org.hibernate.type.BooleanType@66534fa7
[2021-03-04 09:13:38.546] [restartedMain] DEBUG org.hibernate.type.BasicTypeRegistry| Adding type registration java.lang.Boolean -> org.hibernate.type.BooleanType@66534fa7
[2021-03-04 09:13:38.547] [restartedMain] DEBUG org.hibernate.type.BasicTypeRegistry| Adding type registration numeric_boolean -> org.hibernate.type.NumericBooleanType@32b99463
[2021-03-04 09:13:38.547] [restartedMain] DEBUG org.hibernate.type.BasicTypeRegistry| Adding type registration true_false -> org.hibernate.type.TrueFalseType@780f0671
[2021-03-04 09:13:38.548] [restartedMain] DEBUG org.hibernate.type.BasicTypeRegistry| Adding type registration yes_no -> org.hibernate.type.YesNoType@6f4a05e9
[2021-03-04 09:13:38.549] [restartedMain] DEBUG org.hibernate.type.BasicTypeRegistry| Adding type registration byte -> org.hibernate.type.ByteType@5be3b995
[2021-03-04 09:13:38.549] [restartedMain] DEBUG org.hibernate.type.BasicTypeRegistry| Adding type registration byte -> org.hibernate.type.ByteType@5be3b995
[2021-03-04 09:13:38.549] [restartedMain] DEBUG org.hibernate.type.BasicTypeRegistry| Adding type registration java.lang.Byte -> org.hibernate.type.ByteType@5be3b995
[2021-03-04 09:13:38.550] [restartedMain] DEBUG org.hibernate.type.BasicTypeRegistry| Adding type registration character -> org.hibernate.type.CharacterType@306b1f77
[2021-03-04 09:13:38.551] [restartedMain] DEBUG org.hibernate.type.BasicTypeRegistry| Adding type registration char -> org.hibernate.type.CharacterType@306b1f77
[2021-03-04 09:13:38.551] [restartedMain] DEBUG org.hibernate.type.BasicTypeRegistry| Adding type registration java.lang.Character -> org.hibernate.type.CharacterType@306b1f77
[2021-03-04 09:13:38.553] [restartedMain] DEBUG org.hibernate.type.BasicTypeRegistry| Adding type registration short -> org.hibernate.type.ShortType@7ad60560
[2021-03-04 09:13:38.553] [restartedMain] DEBUG org.hibernate.type.BasicTypeRegistry| Adding type registration short -> org.hibernate.type.ShortType@7ad60560
[2021-03-04 09:13:38.553] [restartedMain] DEBUG org.hibernate.type.BasicTypeRegistry| Adding type registration java.lang.Short -> org.hibernate.type.ShortType@7ad60560
[2021-03-04 09:13:38.553] [restartedMain] DEBUG org.hibernate.type.BasicTypeRegistry| Adding type registration integer -> org.hibernate.type.IntegerType@48c9b1d2
[2021-03-04 09:13:38.554] [restartedMain] DEBUG org.hibernate.type.BasicTypeRegistry| Adding type registration int -> org.hibernate.type.IntegerType@48c9b1d2
[2021-03-04 09:13:38.554] [restartedMain] DEBUG org.hibernate.type.BasicTypeRegistry| Adding type registration java.lang.Integer -> org.hibernate.type.IntegerType@48c9b1d2
[2021-03-04 09:13:38.555] [restartedMain] DEBUG org.hibernate.type.BasicTypeRegistry| Adding type registration long -> org.hibernate.type.LongType@238c805f
[2021-03-04 09:13:38.555] [restartedMain] DEBUG org.hibernate.type.BasicTypeRegistry| Adding type registration long -> org.hibernate.type.LongType@238c805f
[2021-03-04 09:13:38.555] [restartedMain] DEBUG org.hibernate.type.BasicTypeRegistry| Adding type registration java.lang.Long -> org.hibernate.type.LongType@238c805f
[2021-03-04 09:13:38.556] [restartedMain] DEBUG org.hibernate.type.BasicTypeRegistry| Adding type registration float -> org.hibernate.type.FloatType@43a9b5c0
[2021-03-04 09:13:38.556] [restartedMain] DEBUG org.hibernate.type.BasicTypeRegistry| Adding type registration float -> org.hibernate.type.FloatType@43a9b5c0
[2021-03-04 09:13:38.556] [restartedMain] DEBUG org.hibernate.type.BasicTypeRegistry| Adding type registration java.lang.Float -> org.hibernate.type.FloatType@43a9b5c0
[2021-03-04 09:13:38.557] [restartedMain] DEBUG org.hibernate.type.BasicTypeRegistry| Adding type registration double -> org.hibernate.type.DoubleType@250f0b99
[2021-03-04 09:13:38.557] [restartedMain] DEBUG org.hibernate.type.BasicTypeRegistry| Adding type registration double -> org.hibernate.type.DoubleType@250f0b99
[2021-03-04 09:13:38.557] [restartedMain] DEBUG org.hibernate.type.BasicTypeRegistry| Adding type registration java.lang.Double -> org.hibernate.type.DoubleType@250f0b99
[2021-03-04 09:13:38.558] [restartedMain] DEBUG org.hibernate.type.BasicTypeRegistry| Adding type registration big_decimal -> org.hibernate.type.BigDecimalType@501ad3
[2021-03-04 09:13:38.558] [restartedMain] DEBUG org.hibernate.type.BasicTypeRegistry| Adding type registration java.math.BigDecimal -> org.hibernate.type.BigDecimalType@501ad3
[2021-03-04 09:13:38.559] [restartedMain] DEBUG org.hibernate.type.BasicTypeRegistry| Adding type registration big_integer -> org.hibernate.type.BigIntegerType@5938ce6d
[2021-03-04 09:13:38.560] [restartedMain] DEBUG org.hibernate.type.BasicTypeRegistry| Adding type registration java.math.BigInteger -> org.hibernate.type.BigIntegerType@5938ce6d
[2021-03-04 09:13:38.561] [restartedMain] DEBUG org.hibernate.type.BasicTypeRegistry| Adding type registration string -> org.hibernate.type.StringType@4f151dad
[2021-03-04 09:13:38.561] [restartedMain] DEBUG org.hibernate.type.BasicTypeRegistry| Adding type registration java.lang.String -> org.hibernate.type.StringType@4f151dad
[2021-03-04 09:13:38.562] [restartedMain] DEBUG org.hibernate.type.BasicTypeRegistry| Adding type registration nstring -> org.hibernate.type.StringNVarcharType@10e3474
[2021-03-04 09:13:38.563] [restartedMain] DEBUG org.hibernate.type.BasicTypeRegistry| Adding type registration ncharacter -> org.hibernate.type.CharacterNCharType@1f46ce47
[2021-03-04 09:13:38.564] [restartedMain] DEBUG org.hibernate.type.BasicTypeRegistry| Adding type registration url -> org.hibernate.type.UrlType@12360d08
[2021-03-04 09:13:38.565] [restartedMain] DEBUG org.hibernate.type.BasicTypeRegistry| Adding type registration java.net.URL -> org.hibernate.type.UrlType@12360d08
[2021-03-04 09:13:38.566] [restartedMain] DEBUG org.hibernate.type.BasicTypeRegistry| Adding type registration Duration -> org.hibernate.type.DurationType@3e58a91c
[2021-03-04 09:13:38.566] [restartedMain] DEBUG org.hibernate.type.BasicTypeRegistry| Adding type registration java.time.Duration -> org.hibernate.type.DurationType@3e58a91c
[2021-03-04 09:13:38.567] [restartedMain] DEBUG org.hibernate.type.BasicTypeRegistry| Adding type registration Instant -> org.hibernate.type.InstantType@4d6f69d3
[2021-03-04 09:13:38.567] [restartedMain] DEBUG org.hibernate.type.BasicTypeRegistry| Adding type registration java.time.Instant -> org.hibernate.type.InstantType@4d6f69d3
[2021-03-04 09:13:38.568] [restartedMain] DEBUG org.hibernate.type.BasicTypeRegistry| Adding type registration LocalDateTime -> org.hibernate.type.LocalDateTimeType@c615315
[2021-03-04 09:13:38.569] [restartedMain] DEBUG org.hibernate.type.BasicTypeRegistry| Adding type registration java.time.LocalDateTime -> org.hibernate.type.LocalDateTimeType@c615315
[2021-03-04 09:13:38.570] [restartedMain] DEBUG org.hibernate.type.BasicTypeRegistry| Adding type registration LocalDate -> org.hibernate.type.LocalDateType@6b35aa44
[2021-03-04 09:13:38.570] [restartedMain] DEBUG org.hibernate.type.BasicTypeRegistry| Adding type registration java.time.LocalDate -> org.hibernate.type.LocalDateType@6b35aa44
[2021-03-04 09:13:38.571] [restartedMain] DEBUG org.hibernate.type.BasicTypeRegistry| Adding type registration LocalTime -> org.hibernate.type.LocalTimeType@553a2b90
[2021-03-04 09:13:38.572] [restartedMain] DEBUG org.hibernate.type.BasicTypeRegistry| Adding type registration java.time.LocalTime -> org.hibernate.type.LocalTimeType@553a2b90
[2021-03-04 09:13:38.573] [restartedMain] DEBUG org.hibernate.type.BasicTypeRegistry| Adding type registration OffsetDateTime -> org.hibernate.type.OffsetDateTimeType@2ed388d3
[2021-03-04 09:13:38.573] [restartedMain] DEBUG org.hibernate.type.BasicTypeRegistry| Adding type registration java.time.OffsetDateTime -> org.hibernate.type.OffsetDateTimeType@2ed388d3
[2021-03-04 09:13:38.574] [restartedMain] DEBUG org.hibernate.type.BasicTypeRegistry| Adding type registration OffsetTime -> org.hibernate.type.OffsetTimeType@159b85fd
[2021-03-04 09:13:38.574] [restartedMain] DEBUG org.hibernate.type.BasicTypeRegistry| Adding type registration java.time.OffsetTime -> org.hibernate.type.OffsetTimeType@159b85fd
[2021-03-04 09:13:38.577] [restartedMain] DEBUG org.hibernate.type.BasicTypeRegistry| Adding type registration ZonedDateTime -> org.hibernate.type.ZonedDateTimeType@5a2d2757
[2021-03-04 09:13:38.577] [restartedMain] DEBUG org.hibernate.type.BasicTypeRegistry| Adding type registration java.time.ZonedDateTime -> org.hibernate.type.ZonedDateTimeType@5a2d2757
[2021-03-04 09:13:38.579] [restartedMain] DEBUG org.hibernate.type.BasicTypeRegistry| Adding type registration date -> org.hibernate.type.DateType@6d6db2f7
[2021-03-04 09:13:38.579] [restartedMain] DEBUG org.hibernate.type.BasicTypeRegistry| Adding type registration java.sql.Date -> org.hibernate.type.DateType@6d6db2f7
[2021-03-04 09:13:38.580] [restartedMain] DEBUG org.hibernate.type.BasicTypeRegistry| Adding type registration time -> org.hibernate.type.TimeType@f07321
[2021-03-04 09:13:38.581] [restartedMain] DEBUG org.hibernate.type.BasicTypeRegistry| Adding type registration java.sql.Time -> org.hibernate.type.TimeType@f07321
[2021-03-04 09:13:38.582] [restartedMain] DEBUG org.hibernate.type.BasicTypeRegistry| Adding type registration timestamp -> org.hibernate.type.TimestampType@1282f3be
[2021-03-04 09:13:38.582] [restartedMain] DEBUG org.hibernate.type.BasicTypeRegistry| Adding type registration java.sql.Timestamp -> org.hibernate.type.TimestampType@1282f3be
[2021-03-04 09:13:38.582] [restartedMain] DEBUG org.hibernate.type.BasicTypeRegistry| Adding type registration java.util.Date -> org.hibernate.type.TimestampType@1282f3be
[2021-03-04 09:13:38.583] [restartedMain] DEBUG org.hibernate.type.BasicTypeRegistry| Adding type registration dbtimestamp -> org.hibernate.type.DbTimestampType@5cab7d11
[2021-03-04 09:13:38.585] [restartedMain] DEBUG org.hibernate.type.BasicTypeRegistry| Adding type registration calendar -> org.hibernate.type.CalendarType@57c4d848
[2021-03-04 09:13:38.585] [restartedMain] DEBUG org.hibernate.type.BasicTypeRegistry| Adding type registration java.util.Calendar -> org.hibernate.type.CalendarType@57c4d848
[2021-03-04 09:13:38.585] [restartedMain] DEBUG org.hibernate.type.BasicTypeRegistry| Adding type registration java.util.GregorianCalendar -> org.hibernate.type.CalendarType@57c4d848
[2021-03-04 09:13:38.586] [restartedMain] DEBUG org.hibernate.type.BasicTypeRegistry| Adding type registration calendar_date -> org.hibernate.type.CalendarDateType@1b0fba6d
[2021-03-04 09:13:38.586] [restartedMain] DEBUG org.hibernate.type.BasicTypeRegistry| Adding type registration locale -> org.hibernate.type.LocaleType@61208d47
[2021-03-04 09:13:38.587] [restartedMain] DEBUG org.hibernate.type.BasicTypeRegistry| Adding type registration java.util.Locale -> org.hibernate.type.LocaleType@61208d47
[2021-03-04 09:13:38.587] [restartedMain] DEBUG org.hibernate.type.BasicTypeRegistry| Adding type registration currency -> org.hibernate.type.CurrencyType@76fcc9c9
[2021-03-04 09:13:38.588] [restartedMain] DEBUG org.hibernate.type.BasicTypeRegistry| Adding type registration java.util.Currency -> org.hibernate.type.CurrencyType@76fcc9c9
[2021-03-04 09:13:38.588] [restartedMain] DEBUG org.hibernate.type.BasicTypeRegistry| Adding type registration timezone -> org.hibernate.type.TimeZoneType@26fab81
[2021-03-04 09:13:38.588] [restartedMain] DEBUG org.hibernate.type.BasicTypeRegistry| Adding type registration java.util.TimeZone -> org.hibernate.type.TimeZoneType@26fab81
[2021-03-04 09:13:38.589] [restartedMain] DEBUG org.hibernate.type.BasicTypeRegistry| Adding type registration class -> org.hibernate.type.ClassType@80129cf
[2021-03-04 09:13:38.589] [restartedMain] DEBUG org.hibernate.type.BasicTypeRegistry| Adding type registration java.lang.Class -> org.hibernate.type.ClassType@80129cf
[2021-03-04 09:13:38.590] [restartedMain] DEBUG org.hibernate.type.BasicTypeRegistry| Adding type registration uuid-binary -> org.hibernate.type.UUIDBinaryType@4ac7c20c
[2021-03-04 09:13:38.590] [restartedMain] DEBUG org.hibernate.type.BasicTypeRegistry| Adding type registration java.util.UUID -> org.hibernate.type.UUIDBinaryType@4ac7c20c
[2021-03-04 09:13:38.591] [restartedMain] DEBUG org.hibernate.type.BasicTypeRegistry| Adding type registration uuid-char -> org.hibernate.type.UUIDCharType@5574f4
[2021-03-04 09:13:38.592] [restartedMain] DEBUG org.hibernate.type.BasicTypeRegistry| Adding type registration binary -> org.hibernate.type.BinaryType@158ccef5
[2021-03-04 09:13:38.593] [restartedMain] DEBUG org.hibernate.type.BasicTypeRegistry| Adding type registration byte[] -> org.hibernate.type.BinaryType@158ccef5
[2021-03-04 09:13:38.593] [restartedMain] DEBUG org.hibernate.type.BasicTypeRegistry| Adding type registration [B -> org.hibernate.type.BinaryType@158ccef5
[2021-03-04 09:13:38.594] [restartedMain] DEBUG org.hibernate.type.BasicTypeRegistry| Adding type registration wrapper-binary -> org.hibernate.type.WrapperBinaryType@59707b4
[2021-03-04 09:13:38.594] [restartedMain] DEBUG org.hibernate.type.BasicTypeRegistry| Adding type registration Byte[] -> org.hibernate.type.WrapperBinaryType@59707b4
[2021-03-04 09:13:38.594] [restartedMain] DEBUG org.hibernate.type.BasicTypeRegistry| Adding type registration [Ljava.lang.Byte; -> org.hibernate.type.WrapperBinaryType@59707b4
[2021-03-04 09:13:38.595] [restartedMain] DEBUG org.hibernate.type.BasicTypeRegistry| Adding type registration row_version -> org.hibernate.type.RowVersionType@142d03ad
[2021-03-04 09:13:38.596] [restartedMain] DEBUG org.hibernate.type.BasicTypeRegistry| Adding type registration image -> org.hibernate.type.ImageType@3e96fb77
[2021-03-04 09:13:38.596] [restartedMain] DEBUG org.hibernate.type.BasicTypeRegistry| Adding type registration characters -> org.hibernate.type.CharArrayType@1a6beab2
[2021-03-04 09:13:38.597] [restartedMain] DEBUG org.hibernate.type.BasicTypeRegistry| Adding type registration char[] -> org.hibernate.type.CharArrayType@1a6beab2
[2021-03-04 09:13:38.597] [restartedMain] DEBUG org.hibernate.type.BasicTypeRegistry| Adding type registration [C -> org.hibernate.type.CharArrayType@1a6beab2
[2021-03-04 09:13:38.597] [restartedMain] DEBUG org.hibernate.type.BasicTypeRegistry| Adding type registration wrapper-characters -> org.hibernate.type.CharacterArrayType@1ab2eef1
[2021-03-04 09:13:38.598] [restartedMain] DEBUG org.hibernate.type.BasicTypeRegistry| Adding type registration [Ljava.lang.Character; -> org.hibernate.type.CharacterArrayType@1ab2eef1
[2021-03-04 09:13:38.598] [restartedMain] DEBUG org.hibernate.type.BasicTypeRegistry| Adding type registration Character[] -> org.hibernate.type.CharacterArrayType@1ab2eef1
[2021-03-04 09:13:38.598] [restartedMain] DEBUG org.hibernate.type.BasicTypeRegistry| Adding type registration text -> org.hibernate.type.TextType@5653cf48
[2021-03-04 09:13:38.599] [restartedMain] DEBUG org.hibernate.type.BasicTypeRegistry| Adding type registration ntext -> org.hibernate.type.NTextType@2f61a29f
[2021-03-04 09:13:38.600] [restartedMain] DEBUG org.hibernate.type.BasicTypeRegistry| Adding type registration blob -> org.hibernate.type.BlobType@1b2c31e6
[2021-03-04 09:13:38.600] [restartedMain] DEBUG org.hibernate.type.BasicTypeRegistry| Adding type registration java.sql.Blob -> org.hibernate.type.BlobType@1b2c31e6
[2021-03-04 09:13:38.601] [restartedMain] DEBUG org.hibernate.type.BasicTypeRegistry| Adding type registration materialized_blob -> org.hibernate.type.MaterializedBlobType@6bfd46c2
[2021-03-04 09:13:38.602] [restartedMain] DEBUG org.hibernate.type.BasicTypeRegistry| Adding type registration clob -> org.hibernate.type.ClobType@1adeeb05
[2021-03-04 09:13:38.602] [restartedMain] DEBUG org.hibernate.type.BasicTypeRegistry| Adding type registration java.sql.Clob -> org.hibernate.type.ClobType@1adeeb05
[2021-03-04 09:13:38.604] [restartedMain] DEBUG org.hibernate.type.BasicTypeRegistry| Adding type registration nclob -> org.hibernate.type.NClobType@43fa1592
[2021-03-04 09:13:38.605] [restartedMain] DEBUG org.hibernate.type.BasicTypeRegistry| Adding type registration java.sql.NClob -> org.hibernate.type.NClobType@43fa1592
[2021-03-04 09:13:38.605] [restartedMain] DEBUG org.hibernate.type.BasicTypeRegistry| Adding type registration materialized_clob -> org.hibernate.type.MaterializedClobType@4d4b924a
[2021-03-04 09:13:38.606] [restartedMain] DEBUG org.hibernate.type.BasicTypeRegistry| Adding type registration materialized_nclob -> org.hibernate.type.MaterializedNClobType@26b8548c
[2021-03-04 09:13:38.608] [restartedMain] DEBUG org.hibernate.type.BasicTypeRegistry| Adding type registration serializable -> org.hibernate.type.SerializableType@56c54782
[2021-03-04 09:13:38.610] [restartedMain] DEBUG org.hibernate.type.BasicTypeRegistry| Adding type registration object -> org.hibernate.type.ObjectType@78a69f03
[2021-03-04 09:13:38.611] [restartedMain] DEBUG org.hibernate.type.BasicTypeRegistry| Adding type registration java.lang.Object -> org.hibernate.type.ObjectType@78a69f03
[2021-03-04 09:13:38.611] [restartedMain] DEBUG org.hibernate.type.BasicTypeRegistry| Adding type registration imm_date -> org.hibernate.type.AdaptedImmutableType@2943b874
[2021-03-04 09:13:38.611] [restartedMain] DEBUG org.hibernate.type.BasicTypeRegistry| Adding type registration imm_time -> org.hibernate.type.AdaptedImmutableType@655174d8
[2021-03-04 09:13:38.611] [restartedMain] DEBUG org.hibernate.type.BasicTypeRegistry| Adding type registration imm_timestamp -> org.hibernate.type.AdaptedImmutableType@7e41a659
[2021-03-04 09:13:38.611] [restartedMain] DEBUG org.hibernate.type.BasicTypeRegistry| Adding type registration imm_dbtimestamp -> org.hibernate.type.AdaptedImmutableType@1306f378
[2021-03-04 09:13:38.612] [restartedMain] DEBUG org.hibernate.type.BasicTypeRegistry| Adding type registration imm_calendar -> org.hibernate.type.AdaptedImmutableType@27326974
[2021-03-04 09:13:38.612] [restartedMain] DEBUG org.hibernate.type.BasicTypeRegistry| Adding type registration imm_calendar_date -> org.hibernate.type.AdaptedImmutableType@49ab3efe
[2021-03-04 09:13:38.612] [restartedMain] DEBUG org.hibernate.type.BasicTypeRegistry| Adding type registration imm_binary -> org.hibernate.type.AdaptedImmutableType@3a2b3afc
[2021-03-04 09:13:38.612] [restartedMain] DEBUG org.hibernate.type.BasicTypeRegistry| Adding type registration imm_serializable -> org.hibernate.type.AdaptedImmutableType@1e9293f2
[2021-03-04 09:13:38.618] [HikariPool-1 connection adder] DEBUG com.zaxxer.hikari.pool.HikariPool| HikariPool-1 - Added connection com.mysql.cj.jdbc.ConnectionImpl@5b36c8a1
[2021-03-04 09:13:38.620] [restartedMain] DEBUG org.hibernate.boot.internal.BootstrapContextImpl| Injecting JPA temp ClassLoader [org.springframework.instrument.classloading.SimpleThrowawayClassLoader@22dffb75] into BootstrapContext; was [null]
[2021-03-04 09:13:38.620] [restartedMain] DEBUG org.hibernate.boot.internal.ClassLoaderAccessImpl| ClassLoaderAccessImpl#injectTempClassLoader(org.springframework.instrument.classloading.SimpleThrowawayClassLoader@22dffb75) [was null]
[2021-03-04 09:13:38.621] [restartedMain] DEBUG org.hibernate.boot.internal.BootstrapContextImpl| Injecting ScanEnvironment [org.hibernate.jpa.boot.internal.StandardJpaScanEnvironmentImpl@38c1b321] into BootstrapContext; was [null]
[2021-03-04 09:13:38.622] [restartedMain] DEBUG org.hibernate.boot.internal.BootstrapContextImpl| Injecting ScanOptions [org.hibernate.boot.archive.scan.internal.StandardScanOptions@7ce89b7b] into BootstrapContext; was [org.hibernate.boot.archive.scan.internal.StandardScanOptions@aa56ea]
[2021-03-04 09:13:38.630] [restartedMain] DEBUG org.hibernate.boot.internal.BootstrapContextImpl| Injecting JPA temp ClassLoader [null] into BootstrapContext; was [org.springframework.instrument.classloading.SimpleThrowawayClassLoader@22dffb75]
[2021-03-04 09:13:38.630] [restartedMain] DEBUG org.hibernate.boot.internal.ClassLoaderAccessImpl| ClassLoaderAccessImpl#injectTempClassLoader(null) [was org.springframework.instrument.classloading.SimpleThrowawayClassLoader@22dffb75]
[2021-03-04 09:13:38.637] [restartedMain] DEBUG org.hibernate.id.factory.internal.DefaultIdentifierGeneratorFactory| Registering IdentifierGenerator strategy [uuid2] -> [org.hibernate.id.UUIDGenerator]
[2021-03-04 09:13:38.638] [restartedMain] DEBUG org.hibernate.id.factory.internal.DefaultIdentifierGeneratorFactory| Registering IdentifierGenerator strategy [guid] -> [org.hibernate.id.GUIDGenerator]
[2021-03-04 09:13:38.638] [restartedMain] DEBUG org.hibernate.id.factory.internal.DefaultIdentifierGeneratorFactory| Registering IdentifierGenerator strategy [uuid] -> [org.hibernate.id.UUIDHexGenerator]
[2021-03-04 09:13:38.638] [restartedMain] DEBUG org.hibernate.id.factory.internal.DefaultIdentifierGeneratorFactory| Registering IdentifierGenerator strategy [uuid.hex] -> [org.hibernate.id.UUIDHexGenerator]
[2021-03-04 09:13:38.639] [restartedMain] DEBUG org.hibernate.id.factory.internal.DefaultIdentifierGeneratorFactory| Registering IdentifierGenerator strategy [assigned] -> [org.hibernate.id.Assigned]
[2021-03-04 09:13:38.640] [restartedMain] DEBUG org.hibernate.id.factory.internal.DefaultIdentifierGeneratorFactory| Registering IdentifierGenerator strategy [identity] -> [org.hibernate.id.IdentityGenerator]
[2021-03-04 09:13:38.640] [restartedMain] DEBUG org.hibernate.id.factory.internal.DefaultIdentifierGeneratorFactory| Registering IdentifierGenerator strategy [select] -> [org.hibernate.id.SelectGenerator]
[2021-03-04 09:13:38.641] [restartedMain] DEBUG org.hibernate.id.factory.internal.DefaultIdentifierGeneratorFactory| Registering IdentifierGenerator strategy [sequence] -> [org.hibernate.id.enhanced.SequenceStyleGenerator]
[2021-03-04 09:13:38.642] [restartedMain] DEBUG org.hibernate.id.factory.internal.DefaultIdentifierGeneratorFactory| Registering IdentifierGenerator strategy [seqhilo] -> [org.hibernate.id.SequenceHiLoGenerator]
[2021-03-04 09:13:38.643] [restartedMain] DEBUG org.hibernate.id.factory.internal.DefaultIdentifierGeneratorFactory| Registering IdentifierGenerator strategy [increment] -> [org.hibernate.id.IncrementGenerator]
[2021-03-04 09:13:38.643] [restartedMain] DEBUG org.hibernate.id.factory.internal.DefaultIdentifierGeneratorFactory| Registering IdentifierGenerator strategy [foreign] -> [org.hibernate.id.ForeignGenerator]
[2021-03-04 09:13:38.644] [restartedMain] DEBUG org.hibernate.id.factory.internal.DefaultIdentifierGeneratorFactory| Registering IdentifierGenerator strategy [sequence-identity] -> [org.hibernate.id.SequenceIdentityGenerator]
[2021-03-04 09:13:38.644] [restartedMain] DEBUG org.hibernate.id.factory.internal.DefaultIdentifierGeneratorFactory| Registering IdentifierGenerator strategy [enhanced-sequence] -> [org.hibernate.id.enhanced.SequenceStyleGenerator]
[2021-03-04 09:13:38.645] [restartedMain] DEBUG org.hibernate.id.factory.internal.DefaultIdentifierGeneratorFactory| Registering IdentifierGenerator strategy [enhanced-table] -> [org.hibernate.id.enhanced.TableGenerator]
[2021-03-04 09:13:38.650] [restartedMain] DEBUG org.hibernate.engine.jdbc.env.internal.JdbcEnvironmentInitiator| Database ->
       name : MySQL
    version : 5.6.51
      major : 5
      minor : 6
[2021-03-04 09:13:38.650] [restartedMain] DEBUG org.hibernate.engine.jdbc.env.internal.JdbcEnvironmentInitiator| Driver ->
       name : MySQL Connector/J
    version : mysql-connector-java-8.0.18 (Revision: fef2894d751d47223192b706977b4a5bc41e6be4)
      major : 8
      minor : 0
[2021-03-04 09:13:38.650] [restartedMain] DEBUG org.hibernate.engine.jdbc.env.internal.JdbcEnvironmentInitiator| JDBC version : 4.2
[2021-03-04 09:13:38.666] [restartedMain] INFO  org.hibernate.dialect.Dialect| HHH000400: Using dialect: org.hibernate.dialect.MySQL55Dialect
[2021-03-04 09:13:38.680] [restartedMain] DEBUG org.hibernate.engine.jdbc.env.spi.IdentifierHelperBuilder| JDBC driver metadata reported database stores quoted identifiers in more than one case
[2021-03-04 09:13:38.683] [restartedMain] DEBUG org.hibernate.engine.jdbc.env.spi.IdentifierHelperBuilder| IdentifierCaseStrategy for both quoted and unquoted identifiers was set to the same strategy [MIXED]; that will likely lead to problems in schema update and validation if using quoted identifiers
[2021-03-04 09:13:38.715] [restartedMain] DEBUG org.hibernate.boot.model.relational.Namespace| Created database namespace [logicalName=Name{catalog=null, schema=null}, physicalName=Name{catalog=null, schema=null}]
[2021-03-04 09:13:38.719] [restartedMain] DEBUG org.hibernate.type.spi.TypeConfiguration$Scope| Scoping TypeConfiguration [org.hibernate.type.spi.TypeConfiguration@24813888] to MetadataBuildingContext [org.hibernate.boot.internal.MetadataBuildingContextRootImpl@5eeb4a30]
[2021-03-04 09:13:38.753] [restartedMain] DEBUG org.hibernate.internal.SessionFactoryImpl| Building session factory
[2021-03-04 09:13:38.754] [restartedMain] DEBUG org.hibernate.cfg.Settings| SessionFactory name : null
[2021-03-04 09:13:38.754] [restartedMain] DEBUG org.hibernate.cfg.Settings| Automatic flush during beforeCompletion(): enabled
[2021-03-04 09:13:38.754] [restartedMain] DEBUG org.hibernate.cfg.Settings| Automatic session close at end of transaction: disabled
[2021-03-04 09:13:38.754] [restartedMain] DEBUG org.hibernate.cfg.Settings| Statistics: disabled
[2021-03-04 09:13:38.754] [restartedMain] DEBUG org.hibernate.cfg.Settings| Deleted entity synthetic identifier rollback: disabled
[2021-03-04 09:13:38.754] [restartedMain] DEBUG org.hibernate.cfg.Settings| Default entity-mode: pojo
[2021-03-04 09:13:38.754] [restartedMain] DEBUG org.hibernate.cfg.Settings| Check Nullability in Core (should be disabled when Bean Validation is on): enabled
[2021-03-04 09:13:38.754] [restartedMain] DEBUG org.hibernate.cfg.Settings| Allow initialization of lazy state outside session : disabled
[2021-03-04 09:13:38.755] [restartedMain] DEBUG org.hibernate.cfg.Settings| Using BatchFetchStyle : LEGACY
[2021-03-04 09:13:38.755] [restartedMain] DEBUG org.hibernate.cfg.Settings| Default batch fetch size: -1
[2021-03-04 09:13:38.755] [restartedMain] DEBUG org.hibernate.cfg.Settings| Maximum outer join fetch depth: 2
[2021-03-04 09:13:38.755] [restartedMain] DEBUG org.hibernate.cfg.Settings| Default null ordering: NONE
[2021-03-04 09:13:38.755] [restartedMain] DEBUG org.hibernate.cfg.Settings| Order SQL updates by primary key: disabled
[2021-03-04 09:13:38.755] [restartedMain] DEBUG org.hibernate.cfg.Settings| Order SQL inserts for batching: disabled
[2021-03-04 09:13:38.755] [restartedMain] DEBUG org.hibernate.cfg.Settings| multi-tenancy strategy : NONE
[2021-03-04 09:13:38.755] [restartedMain] DEBUG org.hibernate.cfg.Settings| JTA Track by Thread: enabled
[2021-03-04 09:13:38.755] [restartedMain] DEBUG org.hibernate.cfg.Settings| Query language substitutions: {}
[2021-03-04 09:13:38.755] [restartedMain] DEBUG org.hibernate.cfg.Settings| Named query checking : enabled
[2021-03-04 09:13:38.756] [restartedMain] DEBUG org.hibernate.cfg.Settings| Second-level cache: disabled
[2021-03-04 09:13:38.756] [restartedMain] DEBUG org.hibernate.cfg.Settings| Second-level query cache: disabled
[2021-03-04 09:13:38.756] [restartedMain] DEBUG org.hibernate.cfg.Settings| Second-level query cache factory: null
[2021-03-04 09:13:38.756] [restartedMain] DEBUG org.hibernate.cfg.Settings| Second-level cache region prefix: null
[2021-03-04 09:13:38.756] [restartedMain] DEBUG org.hibernate.cfg.Settings| Optimize second-level cache for minimal puts: disabled
[2021-03-04 09:13:38.756] [restartedMain] DEBUG org.hibernate.cfg.Settings| Structured second-level cache entries: disabled
[2021-03-04 09:13:38.756] [restartedMain] DEBUG org.hibernate.cfg.Settings| Second-level cache direct-reference entries: disabled
[2021-03-04 09:13:38.756] [restartedMain] DEBUG org.hibernate.cfg.Settings| Automatic eviction of collection cache: disabled
[2021-03-04 09:13:38.756] [restartedMain] DEBUG org.hibernate.cfg.Settings| JDBC batch size: 15
[2021-03-04 09:13:38.756] [restartedMain] DEBUG org.hibernate.cfg.Settings| JDBC batch updates for versioned data: enabled
[2021-03-04 09:13:38.757] [restartedMain] DEBUG org.hibernate.cfg.Settings| Scrollable result sets: enabled
[2021-03-04 09:13:38.757] [restartedMain] DEBUG org.hibernate.cfg.Settings| Wrap result sets: disabled
[2021-03-04 09:13:38.757] [restartedMain] DEBUG org.hibernate.cfg.Settings| JDBC3 getGeneratedKeys(): enabled
[2021-03-04 09:13:38.757] [restartedMain] DEBUG org.hibernate.cfg.Settings| JDBC result set fetch size: null
[2021-03-04 09:13:38.757] [restartedMain] DEBUG org.hibernate.cfg.Settings| Connection release mode: ON_CLOSE
[2021-03-04 09:13:38.757] [restartedMain] DEBUG org.hibernate.cfg.Settings| Generate SQL with comments: disabled
[2021-03-04 09:13:38.757] [restartedMain] DEBUG org.hibernate.cfg.Settings| JPA compliance - query : 
[2021-03-04 09:13:38.757] [restartedMain] DEBUG org.hibernate.cfg.Settings| JPA compliance - closed-handling : 
[2021-03-04 09:13:38.757] [restartedMain] DEBUG org.hibernate.cfg.Settings| JPA compliance - lists : 
[2021-03-04 09:13:38.757] [restartedMain] DEBUG org.hibernate.cfg.Settings| JPA compliance - transactions : 
[2021-03-04 09:13:38.804] [restartedMain] DEBUG org.hibernate.internal.SessionFactoryImpl| Session factory constructed with filter configurations : {}
[2021-03-04 09:13:38.804] [restartedMain] DEBUG org.hibernate.internal.SessionFactoryImpl| Instantiating session factory with properties: {sun.desktop=windows, awt.toolkit=sun.awt.windows.WToolkit, hibernate.id.new_generator_mappings=true, java.specification.version=1.8, file.encoding.pkg=sun.io, sun.cpu.isalist=amd64, hibernate.resource.beans.container=org.springframework.orm.hibernate5.SpringBeanContainer@5ee28971, hibernate.connection.handling_mode=DELAYED_ACQUISITION_AND_HOLD, sun.jnu.encoding=MS949, hibernate.implicit_naming_strategy=org.springframework.boot.orm.jpa.hibernate.SpringImplicitNamingStrategy, com.sun.management.jmxremote.authenticate=false, java.class.path=C:\devpro\workspace\group4\bin\main;C:\devpro\.gradle\caches\modules-2\files-2.1\org.projectlombok\lombok\1.18.10\625fc0055674dff70dbc76efa36d0f2c89b04a24\lombok-1.18.10.jar;C:\devpro\.gradle\caches\modules-2\files-2.1\org.springframework.boot\spring-boot-starter-web\2.2.1.RELEASE\689213aca6e25e2aa9b377e61273aa3d31f30f60\spring-boot-starter-web-2.2.1.RELEASE.jar;C:\devpro\.gradle\caches\modules-2\files-2.1\org.mybatis.spring.boot\mybatis-spring-boot-starter\2.1.1\8f37962345ae7752f0fb1a831ae932a6b55326a7\mybatis-spring-boot-starter-2.1.1.jar;C:\devpro\.gradle\caches\modules-2\files-2.1\org.springframework.boot\spring-boot-starter-actuator\2.2.1.RELEASE\e3e3721079508ad1c7d057825e43128d525198b\spring-boot-starter-actuator-2.2.1.RELEASE.jar;C:\devpro\.gradle\caches\modules-2\files-2.1\mysql\mysql-connector-java\8.0.18\e088efaa4b568bc7d9f7274b9c5ea1a00da1a45c\mysql-connector-java-8.0.18.jar;C:\devpro\.gradle\caches\modules-2\files-2.1\org.apache.commons\commons-lang3\3.6\9d28a6b23650e8a7e9063c04588ace6cf7012c17\commons-lang3-3.6.jar;C:\devpro\.gradle\caches\modules-2\files-2.1\javax.servlet\jstl\1.2\74aca283cd4f4b4f3e425f5820cda58f44409547\jstl-1.2.jar;C:\devpro\.gradle\caches\modules-2\files-2.1\org.apache.tomcat.embed\tomcat-embed-jasper\9.0.27\362ebd457b6db5430fbf8a097c6461e75fab7f76\tomcat-embed-jasper-9.0.27.jar;C:\devpro\.gradle\caches\modules-2\files-2.1\org.springframework.boot\spring-boot-starter-data-jpa\2.2.1.RELEASE\dace86df26aaec8a948ffacd7d46d11c366af527\spring-boot-starter-data-jpa-2.2.1.RELEASE.jar;C:\devpro\.gradle\caches\modules-2\files-2.1\org.apache.commons\commons-collections4\4.0\da217367fd25e88df52ba79e47658d4cf928b0d1\commons-collections4-4.0.jar;C:\devpro\.gradle\caches\modules-2\files-2.1\org.springframework.boot\spring-boot-starter-log4j2\2.2.1.RELEASE\e4365822acf8b4300dae309206f75e6d12b9ac90\spring-boot-starter-log4j2-2.2.1.RELEASE.jar;C:\devpro\.gradle\caches\modules-2\files-2.1\com.lmax\disruptor\3.3.6\9bfca4ee4f691f3737b3f4f006d0c4770f178eb\disruptor-3.3.6.jar;C:\devpro\.gradle\caches\modules-2\files-2.1\org.springframework.boot\spring-boot-starter-json\2.2.1.RELEASE\2d9f5ad8a76edcf3c610e0f825d9c01563a6900a\spring-boot-starter-json-2.2.1.RELEASE.jar;C:\devpro\.gradle\caches\modules-2\files-2.1\org.springframework.boot\spring-boot-starter-validation\2.2.1.RELEASE\ea5bd9055951afe28f64a96524bfd0bf0d362313\spring-boot-starter-validation-2.2.1.RELEASE.jar;C:\devpro\.gradle\caches\modules-2\files-2.1\org.springframework.boot\spring-boot-starter-jdbc\2.2.1.RELEASE\699ae6a7fcb65688f474763ea8233d6cdfa60959\spring-boot-starter-jdbc-2.2.1.RELEASE.jar;C:\devpro\.gradle\caches\modules-2\files-2.1\org.springframework.boot\spring-boot-starter-aop\2.2.1.RELEASE\f5f9988e816634100840c7f570763ea7e5e907d9\spring-boot-starter-aop-2.2.1.RELEASE.jar;C:\devpro\.gradle\caches\modules-2\files-2.1\org.springframework.boot\spring-boot-starter\2.2.1.RELEASE\5a4d687e6ffec805ce6320af7ca0b18798638200\spring-boot-starter-2.2.1.RELEASE.jar;C:\devpro\.gradle\caches\modules-2\files-2.1\org.springframework.boot\spring-boot-starter-tomcat\2.2.1.RELEASE\da314ec9026c230906ea9d1a1330f99bbe2d0fa8\spring-boot-starter-tomcat-2.2.1.RELEASE.jar;C:\devpro\.gradle\caches\modules-2\files-2.1\org.springframework\spring-webmvc\5.2.1.RELEASE\9c118e3a551fe4bf31eb9e395b5f8ef42cf14f42\spring-webmvc-5.2.1.RELEASE.jar;C:\devpro\.gradle\caches\modules-2\files-2.1\org.springframework\spring-web\5.2.1.RELEASE\4f1dfe592951c312b52de469f1940b1cb0455226\spring-web-5.2.1.RELEASE.jar;C:\devpro\.gradle\caches\modules-2\files-2.1\org.mybatis.spring.boot\mybatis-spring-boot-autoconfigure\2.1.1\50d8f44c3073af0b18184c5211cb1fb17b2117a6\mybatis-spring-boot-autoconfigure-2.1.1.jar;C:\devpro\.gradle\caches\modules-2\files-2.1\org.mybatis\mybatis\3.5.3\941d248365b461a853f0c29c32752a0a290224bb\mybatis-3.5.3.jar;C:\devpro\.gradle\caches\modules-2\files-2.1\org.mybatis\mybatis-spring\2.0.3\17472a85388c8d37c9ffefcc9ef0fc3edabcce02\mybatis-spring-2.0.3.jar;C:\devpro\.gradle\caches\modules-2\files-2.1\org.springframework.boot\spring-boot-actuator-autoconfigure\2.2.1.RELEASE\a6f0470d98405e7f2ca2ef418f2ef1b5f2695c53\spring-boot-actuator-autoconfigure-2.2.1.RELEASE.jar;C:\devpro\.gradle\caches\modules-2\files-2.1\io.micrometer\micrometer-core\1.3.1\963bca3d978690d8202c2ad762165c8610ccc169\micrometer-core-1.3.1.jar;C:\devpro\.gradle\caches\modules-2\files-2.1\org.apache.tomcat.embed\tomcat-embed-websocket\9.0.27\8d2b93a8621a83d9283a46cae09d8f87bea877fa\tomcat-embed-websocket-9.0.27.jar;C:\devpro\.gradle\caches\modules-2\files-2.1\org.apache.tomcat.embed\tomcat-embed-core\9.0.27\f1bb28625eb8e10ba05081ec840f49a2ea520d85\tomcat-embed-core-9.0.27.jar;C:\devpro\.gradle\caches\modules-2\files-2.1\org.apache.tomcat.embed\tomcat-embed-el\9.0.27\9123115b6d11187154d9f462c89c0b0fce171ade\tomcat-embed-el-9.0.27.jar;C:\devpro\.gradle\caches\modules-2\files-2.1\org.eclipse.jdt\ecj\3.18.0\4d5d0911b30db24c8eb844702c8adf8e434314ff\ecj-3.18.0.jar;C:\devpro\.gradle\caches\modules-2\files-2.1\org.hibernate\hibernate-core\5.4.8.Final\25d6ea4dff6f2aafec5ce5f65e055416979c599d\hibernate-core-5.4.8.Final.jar;C:\devpro\.gradle\caches\modules-2\files-2.1\org.glassfish.jaxb\jaxb-runtime\2.3.2\5528bc882ea499a09d720b42af11785c4fc6be2a\jaxb-runtime-2.3.2.jar;C:\devpro\.gradle\caches\modules-2\files-2.1\org.jvnet.staxex\stax-ex\1.8.1\78011e483a21102fb4858f3e8f269a677e50aa23\stax-ex-1.8.1.jar;C:\devpro\.gradle\caches\modules-2\files-2.1\jakarta.xml.bind\jakarta.xml.bind-api\2.3.2\8d49996a4338670764d7ca4b85a1c4ccf7fe665d\jakarta.xml.bind-api-2.3.2.jar;C:\devpro\.gradle\caches\modules-2\files-2.1\com.sun.istack\istack-commons-runtime\3.0.8\d6a97364045aa6b99bf2d3c566a3f98599c2d296\istack-commons-runtime-3.0.8.jar;C:\devpro\.gradle\caches\modules-2\files-2.1\jakarta.activation\jakarta.activation-api\1.2.1\562a587face36ec7eff2db7f2fc95425c6602bc1\jakarta.activation-api-1.2.1.jar;C:\devpro\.gradle\caches\modules-2\files-2.1\jakarta.persistence\jakarta.persistence-api\2.2.3\8f6ea5daedc614f07a3654a455660145286f024e\jakarta.persistence-api-2.2.3.jar;C:\devpro\.gradle\caches\modules-2\files-2.1\jakarta.transaction\jakarta.transaction-api\1.3.3\c4179d48720a1e87202115fbed6089bdc4195405\jakarta.transaction-api-1.3.3.jar;C:\devpro\.gradle\caches\modules-2\files-2.1\org.springframework.data\spring-data-jpa\2.2.1.RELEASE\d28dd4e086901ba22fee61accd0950ae324bc67f\spring-data-jpa-2.2.1.RELEASE.jar;C:\devpro\.gradle\caches\modules-2\files-2.1\org.springframework\spring-aspects\5.2.1.RELEASE\c9ed00164899ea807b0c9d3e7f04c60f6adb8e4c\spring-aspects-5.2.1.RELEASE.jar;C:\devpro\.gradle\caches\modules-2\files-2.1\org.codehaus.groovy\groovy-ant\2.5.8\9507114d1c4e043d961464a0297d328ca83f9949\groovy-ant-2.5.8.jar;C:\devpro\.gradle\caches\modules-2\files-2.1\org.codehaus.groovy\groovy-cli-commons\2.5.8\fadfa3a11bb3a973a87b3d6ba59462ba91a644bc\groovy-cli-commons-2.5.8.jar;C:\devpro\.gradle\caches\modules-2\files-2.1\org.codehaus.groovy\groovy-groovysh\2.5.8\15e2c98d596d80aeebb4f6ae882edacf1537ac\groovy-groovysh-2.5.8.jar;C:\devpro\.gradle\caches\modules-2\files-2.1\org.codehaus.groovy\groovy-console\2.5.8\b3120c22775c7672b2cb6a980339c8b712e9041b\groovy-console-2.5.8.jar;C:\devpro\.gradle\caches\modules-2\files-2.1\org.codehaus.groovy\groovy-docgenerator\2.5.8\21f7cdef68d7822916908be015456bfc9984bc44\groovy-docgenerator-2.5.8.jar;C:\devpro\.gradle\caches\modules-2\files-2.1\org.codehaus.groovy\groovy-groovydoc\2.5.8\b9335bebf089a67001a9c10372119473c8248b3e\groovy-groovydoc-2.5.8.jar;C:\devpro\.gradle\caches\modules-2\files-2.1\org.codehaus.groovy\groovy-cli-picocli\2.5.8\b850e9c5c1175f69d634245659b2cbb4c5a204f5\groovy-cli-picocli-2.5.8.jar;C:\devpro\.gradle\caches\modules-2\files-2.1\org.codehaus.groovy\groovy-datetime\2.5.8\1e3b62a2474d83bf712bc79f0a693df5d560f5cd\groovy-datetime-2.5.8.jar;C:\devpro\.gradle\caches\modules-2\files-2.1\org.codehaus.groovy\groovy-jmx\2.5.8\e13aee0dc5cb4d5f592e6eb88f4360e12c773d2b\groovy-jmx-2.5.8.jar;C:\devpro\.gradle\caches\modules-2\files-2.1\org.codehaus.groovy\groovy-json\2.5.8\b1f9a5672b43d204b58a3f527c4388c228d51dcb\groovy-json-2.5.8.jar;C:\devpro\.gradle\caches\modules-2\files-2.1\org.codehaus.groovy\groovy-jsr223\2.5.8\ddb7e0c896e0effe953de81842091ccfd1f2a154\groovy-jsr223-2.5.8.jar;C:\devpro\.gradle\caches\modules-2\files-2.1\org.codehaus.groovy\groovy-macro\2.5.8\5ec7077c5eb4c27b14157be95fb06a5698505df6\groovy-macro-2.5.8.jar;C:\devpro\.gradle\caches\modules-2\files-2.1\org.codehaus.groovy\groovy-nio\2.5.8\679b51b7d6c41da38b6b97c11266bab72bee61d6\groovy-nio-2.5.8.jar;C:\devpro\.gradle\caches\modules-2\files-2.1\org.codehaus.groovy\groovy-servlet\2.5.8\89381e797a361a4cbf3381c4c91ed6411e56628d\groovy-servlet-2.5.8.jar;C:\devpro\.gradle\caches\modules-2\files-2.1\org.codehaus.groovy\groovy-sql\2.5.8\48e34af5918320894d1aad7d781ae44f8f12c669\groovy-sql-2.5.8.jar;C:\devpro\.gradle\caches\modules-2\files-2.1\org.codehaus.groovy\groovy-swing\2.5.8\783f08039672d0a2dda037beb1f051b084c8862c\groovy-swing-2.5.8.jar;C:\devpro\.gradle\caches\modules-2\files-2.1\org.codehaus.groovy\groovy-templates\2.5.8\85563c8b59182144862ff29cfa70d3d486860364\groovy-templates-2.5.8.jar;C:\devpro\.gradle\caches\modules-2\files-2.1\org.codehaus.groovy\groovy-test\2.5.8\d57793d975a28efdf922a4247eb8b105b427a5ea\groovy-test-2.5.8.jar;C:\devpro\.gradle\caches\modules-2\files-2.1\org.codehaus.groovy\groovy-test-junit5\2.5.8\29dae52335943fee1c0bea0c11563fb0155a53b4\groovy-test-junit5-2.5.8.jar;C:\devpro\.gradle\caches\modules-2\files-2.1\org.codehaus.groovy\groovy-testng\2.5.8\da0fa81672cd1e06981b14d1c751523733b711e2\groovy-testng-2.5.8.jar;C:\devpro\.gradle\caches\modules-2\files-2.1\org.codehaus.groovy\groovy-xml\2.5.8\4e1db8ac25be2d7e7fa33a21ff921744a8207598\groovy-xml-2.5.8.jar;C:\devpro\.gradle\caches\modules-2\files-2.1\org.codehaus.groovy\groovy\2.5.8\2f1e8ea55e625fe51e85ef35eb067f1d9c61772d\groovy-2.5.8.jar;C:\devpro\.gradle\caches\modules-2\files-2.1\org.apache.logging.log4j\log4j-slf4j-impl\2.12.1\14973e22497adaf0196d481fb99c5dc2a0b58d41\log4j-slf4j-impl-2.12.1.jar;C:\devpro\.gradle\caches\modules-2\files-2.1\org.apache.logging.log4j\log4j-core\2.12.1\4382e93136c06bfb34ddfa0bb8a9fb4ea2f3df59\log4j-core-2.12.1.jar;C:\devpro\.gradle\caches\modules-2\files-2.1\org.apache.logging.log4j\log4j-jul\2.12.1\53e1e17d922749d2e1e172cdbd954732ac49d8b0\log4j-jul-2.12.1.jar;C:\devpro\.gradle\caches\modules-2\files-2.1\org.slf4j\jul-to-slf4j\1.7.29\f58dd9d8c15a1141a48de53d2d6b723ae6cf18d6\jul-to-slf4j-1.7.29.jar;C:\devpro\.gradle\caches\modules-2\files-2.1\org.springframework.boot\spring-boot-autoconfigure\2.2.1.RELEASE\1e45b519cc3b1de0b1ecee6eed6397c19ede95a2\spring-boot-autoconfigure-2.2.1.RELEASE.jar;C:\devpro\.gradle\caches\modules-2\files-2.1\org.springframework.boot\spring-boot-actuator\2.2.1.RELEASE\6f91f2e1f75b06388b65da9d3ae54164ad427922\spring-boot-actuator-2.2.1.RELEASE.jar;C:\devpro\.gradle\caches\modules-2\files-2.1\org.springframework.boot\spring-boot\2.2.1.RELEASE\3acb07ca9d6b968209a91aec6a7751f35bf22764\spring-boot-2.2.1.RELEASE.jar;C:\devpro\.gradle\caches\modules-2\files-2.1\jakarta.annotation\jakarta.annotation-api\1.3.5\59eb84ee0d616332ff44aba065f3888cf002cd2d\jakarta.annotation-api-1.3.5.jar;C:\devpro\.gradle\caches\modules-2\files-2.1\org.springframework\spring-context\5.2.1.RELEASE\1d3e142adbdbd0810b19462fbd88d94cc51cce01\spring-context-5.2.1.RELEASE.jar;C:\devpro\.gradle\caches\modules-2\files-2.1\org.springframework\spring-aop\5.2.1.RELEASE\34c11ad92e06753e592865c7c403b09ab884d862\spring-aop-5.2.1.RELEASE.jar;C:\devpro\.gradle\caches\modules-2\files-2.1\org.springframework\spring-orm\5.2.1.RELEASE\e8f45a733e94b1ce608b5e1ae70c83974f65577f\spring-orm-5.2.1.RELEASE.jar;C:\devpro\.gradle\caches\modules-2\files-2.1\org.springframework\spring-jdbc\5.2.1.RELEASE\b33c907cbaff98fdfe7d8707ce046e595805c795\spring-jdbc-5.2.1.RELEASE.jar;C:\devpro\.gradle\caches\modules-2\files-2.1\org.springframework.data\spring-data-commons\2.2.1.RELEASE\50fd6bcdb59ad75e10ef5e73b7300367f1edd555\spring-data-commons-2.2.1.RELEASE.jar;C:\devpro\.gradle\caches\modules-2\files-2.1\org.springframework\spring-tx\5.2.1.RELEASE\eea31b77780487a188af44d9a1bacf717a68da72\spring-tx-5.2.1.RELEASE.jar;C:\devpro\.gradle\caches\modules-2\files-2.1\org.springframework\spring-beans\5.2.1.RELEASE\d05690257d8e8034b180db3893d5baf8250fb9d3\spring-beans-5.2.1.RELEASE.jar;C:\devpro\.gradle\caches\modules-2\files-2.1\org.springframework\spring-expression\5.2.1.RELEASE\499e91096320f7e6fcfd6920e66d5ed5f0ecfee9\spring-expression-5.2.1.RELEASE.jar;C:\devpro\.gradle\caches\modules-2\files-2.1\org.springframework\spring-core\5.2.1.RELEASE\32b265ff5c7c35257b5a242b9628dcd321a2b010\spring-core-5.2.1.RELEASE.jar;C:\devpro\.gradle\caches\modules-2\files-2.1\com.fasterxml.jackson.datatype\jackson-datatype-jdk8\2.10.0\ac9b5e4ec02f243c580113c0c58564d90432afaa\jackson-datatype-jdk8-2.10.0.jar;C:\devpro\.gradle\caches\modules-2\files-2.1\com.fasterxml.jackson.datatype\jackson-datatype-jsr310\2.10.0\946bcb4b3ba9facfb338b1d48c2606225205a70c\jackson-datatype-jsr310-2.10.0.jar;C:\devpro\.gradle\caches\modules-2\files-2.1\com.fasterxml.jackson.module\jackson-module-parameter-names\2.10.0\d7ae5421ab27486429aeb878b7e3937544d9324a\jackson-module-parameter-names-2.10.0.jar;C:\devpro\.gradle\caches\modules-2\files-2.1\com.fasterxml.jackson.core\jackson-databind\2.10.0\1127c9cf62f2bb3121a3a2a0a1351d251a602117\jackson-databind-2.10.0.jar;C:\devpro\.gradle\caches\modules-2\files-2.1\jakarta.validation\jakarta.validation-api\2.0.1\5a864a58587cd76243b8ec55dd7115c9eac25c08\jakarta.validation-api-2.0.1.jar;C:\devpro\.gradle\caches\modules-2\files-2.1\org.hibernate.validator\hibernate-validator\6.0.18.Final\7fd00bcd87e14b6ba66279282ef15efa30dd2492\hibernate-validator-6.0.18.Final.jar;C:\devpro\.gradle\caches\modules-2\files-2.1\com.zaxxer\HikariCP\3.4.1\842894380a73b72c2ecd9e483403e4d5ef7d8b76\HikariCP-3.4.1.jar;C:\devpro\.gradle\caches\modules-2\files-2.1\org.hdrhistogram\HdrHistogram\2.1.11\1b035a1a4ce5d3441a4a1a331d04839ef487ec49\HdrHistogram-2.1.11.jar;C:\devpro\.gradle\caches\modules-2\files-2.1\org.latencyutils\LatencyUtils\2.0.3\769c0b82cb2421c8256300e907298a9410a2a3d3\LatencyUtils-2.0.3.jar;C:\devpro\.gradle\caches\modules-2\files-2.1\org.aspectj\aspectjweaver\1.9.4\9205229878f3d62fbd3a32a0fb6be2d6ad8589a9\aspectjweaver-1.9.4.jar;C:\devpro\.gradle\caches\modules-2\files-2.1\org.hibernate.common\hibernate-commons-annotations\5.1.0.Final\700aeedc4a2089816621948f0379e17cbd17d5db\hibernate-commons-annotations-5.1.0.Final.jar;C:\devpro\.gradle\caches\modules-2\files-2.1\org.jboss.logging\jboss-logging\3.4.1.Final\40fd4d696c55793e996d1ff3c475833f836c2498\jboss-logging-3.4.1.Final.jar;C:\devpro\.gradle\caches\modules-2\files-2.1\org.javassist\javassist\3.24.0-GA\d7466fc2e3af7c023e95c510f06448ad29b225b3\javassist-3.24.0-GA.jar;C:\devpro\.gradle\caches\modules-2\files-2.1\net.bytebuddy\byte-buddy\1.10.2\7e575b4d8eb3041728fb7dac4fa09bf163c5ee9\byte-buddy-1.10.2.jar;C:\devpro\.gradle\caches\modules-2\files-2.1\antlr\antlr\2.7.7\83cd2cd674a217ade95a4bb83a8a14f351f48bd0\antlr-2.7.7.jar;C:\devpro\.gradle\caches\modules-2\files-2.1\org.jboss\jandex\2.0.5.Final\7060f67764565b9ee9d467e3ed0cb8a9c601b23a\jandex-2.0.5.Final.jar;C:\devpro\.gradle\caches\modules-2\files-2.1\com.fasterxml\classmate\1.5.1\3fe0bed568c62df5e89f4f174c101eab25345b6c\classmate-1.5.1.jar;C:\devpro\.gradle\caches\modules-2\files-2.1\org.dom4j\dom4j\2.1.1\3dce5dbb3571aa820c677fadd8349bfa8f00c199\dom4j-2.1.1.jar;C:\devpro\.gradle\caches\modules-2\files-2.1\org.slf4j\slf4j-api\1.7.29\e56bf4473a4c6b71c7dd397a833dce86d1993d9d\slf4j-api-1.7.29.jar;C:\devpro\.gradle\caches\modules-2\files-2.1\org.apache.ant\ant\1.9.13\7aff87f91ffda6916751e39bb5688f0a53710ec4\ant-1.9.13.jar;C:\devpro\.gradle\caches\modules-2\files-2.1\commons-cli\commons-cli\1.4\c51c00206bb913cd8612b24abd9fa98ae89719b1\commons-cli-1.4.jar;C:\devpro\.gradle\caches\modules-2\files-2.1\info.picocli\picocli\4.0.1\282c164057d55e6b6af2de49e8930f3c760439da\picocli-4.0.1.jar;C:\devpro\.gradle\caches\modules-2\files-2.1\com.thoughtworks.qdox\qdox\1.12.1\f7122f6ab1f64bdf9f5970b0e89bfb355e036897\qdox-1.12.1.jar;C:\devpro\.gradle\caches\modules-2\files-2.1\jline\jline\2.14.6\c3aeac59c022bdc497c8c48ed86fa50450e4896a\jline-2.14.6.jar;C:\devpro\.gradle\caches\modules-2\files-2.1\junit\junit\4.12\2973d150c0dc1fefe998f834810d68f278ea58ec\junit-4.12.jar;C:\devpro\.gradle\caches\modules-2\files-2.1\org.junit.platform\junit-platform-launcher\1.5.2\bca9d635ae55b37540e6e26e3e08ea0977516fe3\junit-platform-launcher-1.5.2.jar;C:\devpro\.gradle\caches\modules-2\files-2.1\org.apache.logging.log4j\log4j-api\2.12.1\a55e6d987f50a515c9260b0451b4fa217dc539cb\log4j-api-2.12.1.jar;C:\devpro\.gradle\caches\modules-2\files-2.1\org.springframework\spring-jcl\5.2.1.RELEASE\a9f6e0b98cd3980b25ab6ead1e59ced0d294d67\spring-jcl-5.2.1.RELEASE.jar;C:\devpro\.gradle\caches\modules-2\files-2.1\com.fasterxml.jackson.core\jackson-annotations\2.10.0\e01cfd93b80d6773b3f757c78e756c9755b47b81\jackson-annotations-2.10.0.jar;C:\devpro\.gradle\caches\modules-2\files-2.1\com.fasterxml.jackson.core\jackson-core\2.10.0\4e2c5fa04648ec9772c63e2101c53af6504e624e\jackson-core-2.10.0.jar;C:\devpro\.gradle\caches\modules-2\files-2.1\org.glassfish.jaxb\txw2\2.3.2\ce5be7da2e442c25ec14c766cb60cb802741727b\txw2-2.3.2.jar;C:\devpro\.gradle\caches\modules-2\files-2.1\com.sun.xml.fastinfoset\FastInfoset\1.2.16\4eb6a0adad553bf759ffe86927df6f3b848c8bea\FastInfoset-1.2.16.jar;C:\devpro\.gradle\caches\modules-2\files-2.1\org.apache.ant\ant-launcher\1.9.13\24cf1a899bb4b69373dc4cd000bb52a9f46c459d\ant-launcher-1.9.13.jar;C:\devpro\.gradle\caches\modules-2\files-2.1\org.junit.platform\junit-platform-engine\1.5.2\d5697f6ebe0b4d08c0210b5b98b4e1a40f40dfc6\junit-platform-engine-1.5.2.jar;C:\devpro\.gradle\caches\modules-2\files-2.1\org.junit.platform\junit-platform-commons\1.5.2\9703df63b65d415b2a027d43ce908c625b3aedce\junit-platform-commons-1.5.2.jar;C:\devpro\.gradle\caches\modules-2\files-2.1\org.apiguardian\apiguardian-api\1.1.0\fc9dff4bb36d627bdc553de77e1f17efd790876c\apiguardian-api-1.1.0.jar;C:\devpro\.gradle\caches\modules-2\files-2.1\org.opentest4j\opentest4j\1.2.0\28c11eb91f9b6d8e200631d46e20a7f407f2a046\opentest4j-1.2.0.jar;C:\devpro\.gradle\caches\modules-2\files-2.1\org.springframework.boot\spring-boot-devtools\2.2.1.RELEASE\7bff398995dc4fa458441f4bf7673981dfedc6de\spring-boot-devtools-2.2.1.RELEASE.jar;C:\devpro\.gradle\caches\modules-2\files-2.1\com.h2database\h2\1.4.200\f7533fe7cb8e99c87a43d325a77b4b678ad9031a\h2-1.4.200.jar;C:\devpro\.gradle\caches\modules-2\files-2.1\org.hsqldb\hsqldb\2.5.0\59298fcd77faf01e02b405def2f80cccbf582508\hsqldb-2.5.0.jar;C:\devpro\.gradle\caches\modules-2\files-2.1\org.yaml\snakeyaml\1.25\8b6e01ef661d8378ae6dd7b511a7f2a33fae1421\snakeyaml-1.25.jar;C:\devpro\.gradle\caches\modules-2\files-2.1\org.apache.ant\ant-junit\1.9.13\618f3aac074fabfea4712db2635409a592da9ecd\ant-junit-1.9.13.jar;C:\devpro\.gradle\caches\modules-2\files-2.1\org.apache.ant\ant-antlr\1.9.13\d5b701718c6de5620fa78e0aedb64cdcae1336cf\ant-antlr-1.9.13.jar;C:\devpro\.gradle\caches\modules-2\files-2.1\org.junit.jupiter\junit-jupiter-engine\5.5.2\f597408bde45371548f9e9791da7981a1134328d\junit-jupiter-engine-5.5.2.jar;C:\devpro\.gradle\caches\modules-2\files-2.1\org.testng\testng\6.13.1\2495393a0b4b7d7a4b49ea1f8516376f70f482c\testng-6.13.1.jar;C:\devpro\.gradle\caches\modules-2\files-2.1\org.hamcrest\hamcrest-core\2.1\70dd49dea4507315b1fa3bc1aa59b1442d55957a\hamcrest-core-2.1.jar;C:\devpro\.gradle\caches\modules-2\files-2.1\org.junit.jupiter\junit-jupiter-api\5.5.2\6393db7e4c0265152d8fc4ff146633d1a7d36c47\junit-jupiter-api-5.5.2.jar;C:\devpro\.gradle\caches\modules-2\files-2.1\com.beust\jcommander\1.72\6375e521c1e11d6563d4f25a07ce124ccf8cd171\jcommander-1.72.jar;C:\devpro\.gradle\caches\modules-2\files-2.1\org.hamcrest\hamcrest\2.1\9420ba32c29217b54eebd26ff7f9234d31c3fbb2\hamcrest-2.1.jar, java.vm.vendor=Oracle Corporation, sun.arch.data.model=64, user.variant=, catalina.useNaming=false, java.vendor.url=http://java.oracle.com/, user.timezone=Asia/Seoul, org.apache.logging.log4j.assignedSequences=8716, os.name=Windows 10, java.vm.specification.version=1.8, javax.persistence.validation.mode=AUTO, sun.java.launcher=SUN_STANDARD, user.country=KR, sun.boot.library.path=C:\devpro\jdk1.8.0_221\jre\bin, com.sun.management.jmxremote.ssl=false, sun.java.command=com.ktds.devpro.WebMvcStarterApplication --spring.output.ansi.enabled=always, spring.application.admin.enabled=true, javax.persistence.nonJtaDataSource=HikariDataSource (HikariPool-1), hibernate.transaction.jta.platform=org.hibernate.engine.transaction.jta.platform.internal.NoJtaPlatform@3a1c0286, com.sun.management.jmxremote=, javax.persistence.sharedCache.mode=UNSPECIFIED, spring.liveBeansView.mbeanDomain=, sun.cpu.endian=little, user.home=C:\Users\KTDS, spring.boot.project.name=group4, user.language=ko, java.specification.vendor=Oracle Corporation, java.home=C:\devpro\jdk1.8.0_221\jre, file.separator=\, line.separator=
, java.vm.specification.vendor=Oracle Corporation, java.specification.name=Java Platform API Specification, hibernate.transaction.coordinator_class=class org.hibernate.resource.transaction.backend.jdbc.internal.JdbcResourceLocalTransactionCoordinatorBuilderImpl, java.awt.graphicsenv=sun.awt.Win32GraphicsEnvironment, java.awt.headless=true, sun.boot.class.path=C:\devpro\jdk1.8.0_221\jre\lib\resources.jar;C:\devpro\jdk1.8.0_221\jre\lib\rt.jar;C:\devpro\jdk1.8.0_221\jre\lib\sunrsasign.jar;C:\devpro\jdk1.8.0_221\jre\lib\jsse.jar;C:\devpro\jdk1.8.0_221\jre\lib\jce.jar;C:\devpro\jdk1.8.0_221\jre\lib\charsets.jar;C:\devpro\jdk1.8.0_221\jre\lib\jfr.jar;C:\devpro\jdk1.8.0_221\jre\classes, user.script=, sun.management.compiler=HotSpot 64-Bit Tiered Compilers, java.runtime.version=1.8.0_221-b11, user.name=KTDS, spring.jmx.enabled=true, path.separator=;, os.version=10.0, java.endorsed.dirs=C:\devpro\jdk1.8.0_221\jre\lib\endorsed, java.runtime.name=Java(TM) SE Runtime Environment, file.encoding=UTF-8, hibernate.ejb.persistenceUnitName=default, spring.beaninfo.ignore=true, java.vm.name=Java HotSpot(TM) 64-Bit Server VM, java.vendor.url.bug=http://bugreport.sun.com/bugreport/, java.io.tmpdir=C:\Users\KTDS\AppData\Local\Temp\, com.zaxxer.hikari.pool_number=1, catalina.home=C:\Users\KTDS\AppData\Local\Temp\tomcat.6836753307704166434.8888, com.sun.management.jmxremote.port=59983, java.version=1.8.0_221, hibernate.physical_naming_strategy=org.springframework.boot.orm.jpa.hibernate.SpringPhysicalNamingStrategy, user.dir=C:\devpro\workspace\group4, os.arch=amd64, PID=9968, java.vm.specification.name=Java Virtual Machine Specification, java.awt.printerjob=sun.awt.windows.WPrinterJob, sun.os.patch.level=, catalina.base=C:\Users\KTDS\AppData\Local\Temp\tomcat.6836753307704166434.8888, hibernate.boot.CfgXmlAccessService.key=org.hibernate.boot.registry.StandardServiceRegistryBuilder$1@50b22ab8, java.library.path=C:\devpro\jdk1.8.0_221\bin;C:\Windows\Sun\Java\bin;C:\Windows\system32;C:\Windows;C:/devpro/jdk1.8.0_221/bin/../jre/bin/server;C:/devpro/jdk1.8.0_221/bin/../jre/bin;C:/devpro/jdk1.8.0_221/bin/../jre/lib/amd64;C:\Program Files (x86)\VMware\VMware Player\bin\;C:\devpro\jdk1.8.0_221\bin;C:\oraclexe\app\oracle\product\11.2.0\server\bin;C:\Program Files\Common Files\Oracle\Java\javapath;C:\Windows\system32;C:\Windows;C:\Windows\System32\Wbem;C:\Windows\System32\WindowsPowerShell\v1.0\;C:\Windows\System32\OpenSSH\;C:\Program Files\Git\cmd;C:\Program Files\nodejs\;C:\Program Files\PuTTY\;C:\Program Files\MySQL\MySQL Shell 8.0\bin\;C:\Users\KTDS\AppData\Local\Microsoft\WindowsApps;;C:\Program Files\JetBrains\IntelliJ IDEA Community Edition 2020.3.1\bin;;C:\Program Files\JetBrains\IntelliJ IDEA 2020.3.1\bin;;C:\Program Files\JetBrains\PyCharm 2020.3.3\bin;;C:\Users\KTDS\AppData\Roaming\npm;C:\Users\KTDS\AppData\Local\Programs\Microsoft VS Code\bin;C:\devpro\sts-bundle\sts-3.9.12.RELEASE;;., java.vendor=Oracle Corporation, java.vm.info=mixed mode, java.vm.version=25.221-b11, hibernate.bytecode.use_reflection_optimizer=false, java.rmi.server.randomIDs=true, java.rmi.server.hostname=localhost, sun.io.unicode.encoding=UnicodeLittle, hibernate.archive.scanner=org.hibernate.boot.archive.scan.internal.DisabledScanner, java.ext.dirs=C:\devpro\jdk1.8.0_221\jre\lib\ext;C:\Windows\Sun\Java\lib\ext, hibernate.connection.datasource=HikariDataSource (HikariPool-1), java.class.version=52.0}
[2021-03-04 09:13:38.817] [restartedMain] DEBUG org.hibernate.validator.internal.engine.resolver.TraversableResolvers| Found javax.persistence.Persistence on classpath containing 'getPersistenceUtil'. Assuming JPA 2 environment. Trying to instantiate JPA aware TraversableResolver
[2021-03-04 09:13:38.817] [restartedMain] DEBUG org.hibernate.validator.internal.engine.resolver.TraversableResolvers| Instantiated JPA aware TraversableResolver of type org.hibernate.validator.internal.engine.resolver.JPATraversableResolver.
[2021-03-04 09:13:38.818] [restartedMain] DEBUG org.hibernate.validator.internal.xml.config.ValidationXmlParser| Trying to load META-INF/validation.xml for XML based Validator configuration.
[2021-03-04 09:13:38.818] [restartedMain] DEBUG org.hibernate.validator.internal.xml.config.ResourceLoaderHelper| Trying to load META-INF/validation.xml via TCCL
[2021-03-04 09:13:38.818] [restartedMain] DEBUG org.hibernate.validator.internal.xml.config.ResourceLoaderHelper| Trying to load META-INF/validation.xml via Hibernate Validator's class loader
[2021-03-04 09:13:38.818] [restartedMain] DEBUG org.hibernate.validator.internal.xml.config.ValidationXmlParser| No META-INF/validation.xml found. Using annotation based configuration only.
[2021-03-04 09:13:38.824] [restartedMain] DEBUG org.hibernate.validator.messageinterpolation.ResourceBundleMessageInterpolator| Loaded expression factory via original TCCL
[2021-03-04 09:13:38.825] [restartedMain] DEBUG org.hibernate.validator.internal.engine.ValidatorFactoryImpl| HV000234: Using org.hibernate.validator.messageinterpolation.ResourceBundleMessageInterpolator as ValidatorFactory-scoped message interpolator.
[2021-03-04 09:13:38.825] [restartedMain] DEBUG org.hibernate.validator.internal.engine.ValidatorFactoryImpl| HV000234: Using org.hibernate.validator.internal.engine.resolver.JPATraversableResolver as ValidatorFactory-scoped traversable resolver.
[2021-03-04 09:13:38.826] [restartedMain] DEBUG org.hibernate.validator.internal.engine.ValidatorFactoryImpl| HV000234: Using org.hibernate.validator.internal.util.ExecutableParameterNameProvider as ValidatorFactory-scoped parameter name provider.
[2021-03-04 09:13:38.826] [restartedMain] DEBUG org.hibernate.validator.internal.engine.ValidatorFactoryImpl| HV000234: Using org.hibernate.validator.internal.engine.DefaultClockProvider as ValidatorFactory-scoped clock provider.
[2021-03-04 09:13:38.826] [restartedMain] DEBUG org.hibernate.validator.internal.engine.ValidatorFactoryImpl| HV000234: Using org.hibernate.validator.internal.engine.scripting.DefaultScriptEvaluatorFactory as ValidatorFactory-scoped script evaluator factory.
[2021-03-04 09:13:38.829] [restartedMain] DEBUG org.hibernate.secure.spi.JaccIntegrator| Skipping JACC integration as it was not enabled
[2021-03-04 09:13:38.829] [restartedMain] DEBUG org.hibernate.internal.SessionFactoryImpl| Instantiated session factory
[2021-03-04 09:13:38.830] [restartedMain] DEBUG org.hibernate.type.spi.TypeConfiguration$Scope| Scoping TypeConfiguration [org.hibernate.type.spi.TypeConfiguration@24813888] to SessionFactoryImpl [org.hibernate.internal.SessionFactoryImpl@1e39f287]
[2021-03-04 09:13:38.850] [restartedMain] DEBUG org.hibernate.tool.schema.spi.SchemaManagementToolCoordinator| No actions specified; doing nothing
[2021-03-04 09:13:38.850] [restartedMain] INFO  org.hibernate.engine.transaction.jta.platform.internal.JtaPlatformInitiator| HHH000490: Using JtaPlatform implementation: [org.hibernate.engine.transaction.jta.platform.internal.NoJtaPlatform]
[2021-03-04 09:13:38.851] [restartedMain] DEBUG org.hibernate.query.spi.NamedQueryRepository| Checking 0 named HQL queries
[2021-03-04 09:13:38.851] [restartedMain] DEBUG org.hibernate.query.spi.NamedQueryRepository| Checking 0 named SQL queries
[2021-03-04 09:13:38.860] [restartedMain] DEBUG org.hibernate.internal.SessionFactoryRegistry| Initializing SessionFactoryRegistry : org.hibernate.internal.SessionFactoryRegistry@6bc6a93e
[2021-03-04 09:13:38.860] [restartedMain] DEBUG org.hibernate.internal.SessionFactoryRegistry| Registering SessionFactory: fade65fd-d0ef-4a4d-b541-4d816c1bccf0 (<unnamed>)
[2021-03-04 09:13:38.860] [restartedMain] DEBUG org.hibernate.internal.SessionFactoryRegistry| Not binding SessionFactory to JNDI, no JNDI name configured
[2021-03-04 09:13:38.915] [HikariPool-1 connection adder] DEBUG com.zaxxer.hikari.pool.HikariPool| HikariPool-1 - Added connection com.mysql.cj.jdbc.ConnectionImpl@ab93cb7
[2021-03-04 09:13:38.995] [restartedMain] DEBUG org.mybatis.spring.SqlSessionFactoryBean| Parsed configuration file: 'class path resource [mybatis-config.xml]'
[2021-03-04 09:13:39.014] [HikariPool-1 connection adder] DEBUG com.zaxxer.hikari.pool.HikariPool| HikariPool-1 - Added connection com.mysql.cj.jdbc.ConnectionImpl@7ed3a0ce
[2021-03-04 09:13:39.042] [restartedMain] DEBUG org.mybatis.spring.SqlSessionFactoryBean| Parsed mapper file: 'file [C:\devpro\workspace\group4\bin\main\mapper\com\ktds\devpro\sample\AdminLogMapper.xml]'
[2021-03-04 09:13:39.055] [restartedMain] DEBUG org.mybatis.spring.SqlSessionFactoryBean| Parsed mapper file: 'file [C:\devpro\workspace\group4\bin\main\mapper\com\ktds\devpro\sample\AdminMapper.xml]'
[2021-03-04 09:13:39.076] [restartedMain] DEBUG org.mybatis.spring.SqlSessionFactoryBean| Parsed mapper file: 'file [C:\devpro\workspace\group4\bin\main\mapper\com\ktds\devpro\sample\RecommendMapper.xml]'
[2021-03-04 09:13:39.083] [restartedMain] DEBUG org.mybatis.spring.SqlSessionFactoryBean| Parsed mapper file: 'file [C:\devpro\workspace\group4\bin\main\mapper\com\ktds\devpro\sample\include\PagingH2.xml]'
[2021-03-04 09:13:39.125] [restartedMain] DEBUG org.hibernate.validator.internal.engine.resolver.TraversableResolvers| Found javax.persistence.Persistence on classpath containing 'getPersistenceUtil'. Assuming JPA 2 environment. Trying to instantiate JPA aware TraversableResolver
[2021-03-04 09:13:39.126] [restartedMain] DEBUG org.hibernate.validator.internal.engine.resolver.TraversableResolvers| Instantiated JPA aware TraversableResolver of type org.hibernate.validator.internal.engine.resolver.JPATraversableResolver.
[2021-03-04 09:13:39.126] [restartedMain] DEBUG org.hibernate.validator.messageinterpolation.ResourceBundleMessageInterpolator| Loaded expression factory via original TCCL
[2021-03-04 09:13:39.129] [restartedMain] DEBUG org.hibernate.validator.internal.engine.resolver.TraversableResolvers| Found javax.persistence.Persistence on classpath containing 'getPersistenceUtil'. Assuming JPA 2 environment. Trying to instantiate JPA aware TraversableResolver
[2021-03-04 09:13:39.130] [restartedMain] DEBUG org.hibernate.validator.internal.engine.resolver.TraversableResolvers| Instantiated JPA aware TraversableResolver of type org.hibernate.validator.internal.engine.resolver.JPATraversableResolver.
[2021-03-04 09:13:39.131] [restartedMain] DEBUG org.hibernate.validator.internal.engine.ConfigurationImpl| Setting custom MessageInterpolator of type org.springframework.validation.beanvalidation.LocaleContextMessageInterpolator
[2021-03-04 09:13:39.132] [restartedMain] DEBUG org.hibernate.validator.internal.engine.ConfigurationImpl| Setting custom ConstraintValidatorFactory of type org.springframework.validation.beanvalidation.SpringConstraintValidatorFactory
[2021-03-04 09:13:39.133] [restartedMain] DEBUG org.hibernate.validator.internal.engine.ConfigurationImpl| Setting custom ParameterNameProvider of type org.springframework.validation.beanvalidation.LocalValidatorFactoryBean$1
[2021-03-04 09:13:39.134] [restartedMain] DEBUG org.hibernate.validator.internal.xml.config.ValidationXmlParser| Trying to load META-INF/validation.xml for XML based Validator configuration.
[2021-03-04 09:13:39.134] [restartedMain] DEBUG org.hibernate.validator.internal.xml.config.ResourceLoaderHelper| Trying to load META-INF/validation.xml via user class loader
[2021-03-04 09:13:39.135] [restartedMain] DEBUG org.hibernate.validator.internal.xml.config.ResourceLoaderHelper| Trying to load META-INF/validation.xml via TCCL
[2021-03-04 09:13:39.135] [restartedMain] DEBUG org.hibernate.validator.internal.xml.config.ResourceLoaderHelper| Trying to load META-INF/validation.xml via Hibernate Validator's class loader
[2021-03-04 09:13:39.135] [restartedMain] DEBUG org.hibernate.validator.internal.xml.config.ValidationXmlParser| No META-INF/validation.xml found. Using annotation based configuration only.
[2021-03-04 09:13:39.141] [restartedMain] DEBUG org.hibernate.validator.internal.engine.ValidatorFactoryImpl| HV000234: Using org.springframework.validation.beanvalidation.LocaleContextMessageInterpolator as ValidatorFactory-scoped message interpolator.
[2021-03-04 09:13:39.141] [restartedMain] DEBUG org.hibernate.validator.internal.engine.ValidatorFactoryImpl| HV000234: Using org.hibernate.validator.internal.engine.resolver.JPATraversableResolver as ValidatorFactory-scoped traversable resolver.
[2021-03-04 09:13:39.142] [restartedMain] DEBUG org.hibernate.validator.internal.engine.ValidatorFactoryImpl| HV000234: Using org.hibernate.validator.internal.util.ExecutableParameterNameProvider as ValidatorFactory-scoped parameter name provider.
[2021-03-04 09:13:39.142] [restartedMain] DEBUG org.hibernate.validator.internal.engine.ValidatorFactoryImpl| HV000234: Using org.hibernate.validator.internal.engine.DefaultClockProvider as ValidatorFactory-scoped clock provider.
[2021-03-04 09:13:39.142] [restartedMain] DEBUG org.hibernate.validator.internal.engine.ValidatorFactoryImpl| HV000234: Using org.hibernate.validator.internal.engine.scripting.DefaultScriptEvaluatorFactory as ValidatorFactory-scoped script evaluator factory.
[2021-03-04 09:13:39.281] [HikariPool-1 connection adder] DEBUG com.zaxxer.hikari.pool.HikariPool| HikariPool-1 - Added connection com.mysql.cj.jdbc.ConnectionImpl@ef742bf
[2021-03-04 09:13:39.390] [HikariPool-1 connection adder] DEBUG com.zaxxer.hikari.pool.HikariPool| HikariPool-1 - Added connection com.mysql.cj.jdbc.ConnectionImpl@1f815254
[2021-03-04 09:13:39.509] [HikariPool-1 connection adder] DEBUG com.zaxxer.hikari.pool.HikariPool| HikariPool-1 - Added connection com.mysql.cj.jdbc.ConnectionImpl@2718decc
[2021-03-04 09:13:39.575] [restartedMain] DEBUG org.hibernate.stat.internal.StatisticsInitiator| Statistics initialized [enabled=false]
[2021-03-04 09:13:39.630] [HikariPool-1 connection adder] DEBUG com.zaxxer.hikari.pool.HikariPool| HikariPool-1 - Added connection com.mysql.cj.jdbc.ConnectionImpl@6de93e87
[2021-03-04 09:13:39.631] [HikariPool-1 connection adder] DEBUG com.zaxxer.hikari.pool.HikariPool| HikariPool-1 - After adding stats (total=10, active=0, idle=10, waiting=0)
[2021-03-04 09:13:40.288] [restartedMain] INFO  org.apache.coyote.http11.Http11NioProtocol| Starting ProtocolHandler ["http-nio-8888"]
[2021-03-04 09:13:47.334] [RMI TCP Connection(8)-127.0.0.1] DEBUG org.mybatis.spring.SqlSessionUtils| Creating a new SqlSession
[2021-03-04 09:13:47.338] [RMI TCP Connection(8)-127.0.0.1] DEBUG org.mybatis.spring.SqlSessionUtils| SqlSession [org.apache.ibatis.session.defaults.DefaultSqlSession@1a21a6ac] was not registered for synchronization because synchronization is not active
[2021-03-04 09:13:47.339] [RMI TCP Connection(8)-127.0.0.1] DEBUG org.mybatis.spring.SqlSessionUtils| Closing non transactional SqlSession [org.apache.ibatis.session.defaults.DefaultSqlSession@1a21a6ac]
[2021-03-04 09:13:47.339] [RMI TCP Connection(8)-127.0.0.1] DEBUG org.hibernate.internal.SessionFactoryImpl| HHH000031: Closing
[2021-03-04 09:13:47.339] [RMI TCP Connection(8)-127.0.0.1] DEBUG org.hibernate.type.spi.TypeConfiguration$Scope| Un-scoping TypeConfiguration [org.hibernate.type.spi.TypeConfiguration$Scope@13df85c6] from SessionFactory [org.hibernate.internal.SessionFactoryImpl@1e39f287]
[2021-03-04 09:13:47.341] [RMI TCP Connection(8)-127.0.0.1] DEBUG org.hibernate.service.internal.AbstractServiceRegistryImpl| Implicitly destroying ServiceRegistry on de-registration of all child ServiceRegistries
[2021-03-04 09:13:47.342] [RMI TCP Connection(8)-127.0.0.1] DEBUG org.hibernate.boot.registry.internal.BootstrapServiceRegistryImpl| Implicitly destroying Boot-strap registry on de-registration of all child ServiceRegistries
[2021-03-04 09:13:47.343] [RMI TCP Connection(8)-127.0.0.1] INFO  com.zaxxer.hikari.HikariDataSource| HikariPool-1 - Shutdown initiated...
[2021-03-04 09:13:47.343] [RMI TCP Connection(8)-127.0.0.1] DEBUG com.zaxxer.hikari.pool.HikariPool| HikariPool-1 - Before shutdown stats (total=10, active=1, idle=9, waiting=0)
[2021-03-04 09:13:47.344] [HikariPool-1 connection closer] DEBUG com.zaxxer.hikari.pool.PoolBase| HikariPool-1 - Closing connection com.mysql.cj.jdbc.ConnectionImpl@2babc9c3: (connection evicted)
[2021-03-04 09:13:47.348] [HikariPool-1 connection closer] DEBUG com.zaxxer.hikari.pool.PoolBase| HikariPool-1 - Closing connection com.mysql.cj.jdbc.ConnectionImpl@6a96c3f8: (connection evicted)
[2021-03-04 09:13:47.349] [HikariPool-1 connection closer] DEBUG com.zaxxer.hikari.pool.PoolBase| HikariPool-1 - Closing connection com.mysql.cj.jdbc.ConnectionImpl@5b36c8a1: (connection evicted)
[2021-03-04 09:13:47.349] [HikariPool-1 connection closer] DEBUG com.zaxxer.hikari.pool.PoolBase| HikariPool-1 - Closing connection com.mysql.cj.jdbc.ConnectionImpl@ab93cb7: (connection evicted)
[2021-03-04 09:13:47.350] [HikariPool-1 connection closer] DEBUG com.zaxxer.hikari.pool.PoolBase| HikariPool-1 - Closing connection com.mysql.cj.jdbc.ConnectionImpl@7ed3a0ce: (connection evicted)
[2021-03-04 09:13:47.350] [HikariPool-1 connection closer] DEBUG com.zaxxer.hikari.pool.PoolBase| HikariPool-1 - Closing connection com.mysql.cj.jdbc.ConnectionImpl@ef742bf: (connection evicted)
[2021-03-04 09:13:47.351] [HikariPool-1 connection closer] DEBUG com.zaxxer.hikari.pool.PoolBase| HikariPool-1 - Closing connection com.mysql.cj.jdbc.ConnectionImpl@1f815254: (connection evicted)
[2021-03-04 09:13:47.351] [HikariPool-1 connection closer] DEBUG com.zaxxer.hikari.pool.PoolBase| HikariPool-1 - Closing connection com.mysql.cj.jdbc.ConnectionImpl@2718decc: (connection evicted)
[2021-03-04 09:13:47.352] [HikariPool-1 connection closer] DEBUG com.zaxxer.hikari.pool.PoolBase| HikariPool-1 - Closing connection com.mysql.cj.jdbc.ConnectionImpl@6de93e87: (connection evicted)
[2021-03-04 09:13:47.353] [RMI TCP Connection(8)-127.0.0.1] DEBUG com.zaxxer.hikari.pool.HikariPool| HikariPool-1 - After shutdown stats (total=0, active=0, idle=0, waiting=0)
[2021-03-04 09:13:47.353] [RMI TCP Connection(8)-127.0.0.1] INFO  com.zaxxer.hikari.HikariDataSource| HikariPool-1 - Shutdown completed.
